{"/Users/nicolas/DEV/openclassroom/wealth_health/wealth_health_front/src/AppContainer.tsx": {"path":"/Users/nicolas/DEV/openclassroom/wealth_health/wealth_health_front/src/AppContainer.tsx","all":true,"statementMap":{"0":{"start":{"line":1,"column":0},"end":{"line":1,"column":49}},"1":{"start":{"line":2,"column":0},"end":{"line":2,"column":62}},"2":{"start":{"line":3,"column":0},"end":{"line":3,"column":64}},"3":{"start":{"line":4,"column":0},"end":{"line":4,"column":42}},"4":{"start":{"line":5,"column":0},"end":{"line":5,"column":53}},"5":{"start":{"line":6,"column":0},"end":{"line":6,"column":57}},"8":{"start":{"line":9,"column":0},"end":{"line":9,"column":76}},"9":{"start":{"line":10,"column":0},"end":{"line":10,"column":72}},"11":{"start":{"line":12,"column":0},"end":{"line":12,"column":25}},"12":{"start":{"line":13,"column":0},"end":{"line":13,"column":53}},"14":{"start":{"line":15,"column":0},"end":{"line":15,"column":19}},"15":{"start":{"line":16,"column":0},"end":{"line":16,"column":66}},"16":{"start":{"line":17,"column":0},"end":{"line":17,"column":3}},"18":{"start":{"line":19,"column":0},"end":{"line":19,"column":10}},"19":{"start":{"line":20,"column":0},"end":{"line":20,"column":54}},"20":{"start":{"line":21,"column":0},"end":{"line":21,"column":21}},"21":{"start":{"line":22,"column":0},"end":{"line":22,"column":48}},"22":{"start":{"line":23,"column":0},"end":{"line":23,"column":18}},"23":{"start":{"line":24,"column":0},"end":{"line":24,"column":63}},"24":{"start":{"line":25,"column":0},"end":{"line":25,"column":74}},"25":{"start":{"line":26,"column":0},"end":{"line":26,"column":19}},"26":{"start":{"line":27,"column":0},"end":{"line":27,"column":19}},"27":{"start":{"line":28,"column":0},"end":{"line":28,"column":22}},"28":{"start":{"line":29,"column":0},"end":{"line":29,"column":18}},"30":{"start":{"line":31,"column":0},"end":{"line":31,"column":1}},"32":{"start":{"line":33,"column":0},"end":{"line":33,"column":28}}},"s":{"0":0,"1":0,"2":0,"3":0,"4":0,"5":0,"8":0,"9":0,"11":0,"12":0,"14":0,"15":0,"16":0,"18":0,"19":0,"20":0,"21":0,"22":0,"23":0,"24":0,"25":0,"26":0,"27":0,"28":0,"30":0,"32":0},"branchMap":{"0":{"type":"branch","line":1,"loc":{"start":{"line":1,"column":1090},"end":{"line":33,"column":28}},"locations":[{"start":{"line":1,"column":1090},"end":{"line":33,"column":28}}]}},"b":{"0":[0]},"fnMap":{"0":{"name":"(empty-report)","decl":{"start":{"line":1,"column":1090},"end":{"line":33,"column":28}},"loc":{"start":{"line":1,"column":1090},"end":{"line":33,"column":28}},"line":1}},"f":{"0":0}}
,"/Users/nicolas/DEV/openclassroom/wealth_health/wealth_health_front/src/i18n.ts": {"path":"/Users/nicolas/DEV/openclassroom/wealth_health/wealth_health_front/src/i18n.ts","all":false,"statementMap":{"0":{"start":{"line":1,"column":0},"end":{"line":1,"column":27}},"1":{"start":{"line":2,"column":0},"end":{"line":2,"column":49}},"3":{"start":{"line":4,"column":0},"end":{"line":4,"column":35}},"4":{"start":{"line":5,"column":0},"end":{"line":5,"column":35}},"7":{"start":{"line":8,"column":0},"end":{"line":8,"column":33}},"8":{"start":{"line":9,"column":0},"end":{"line":9,"column":14}},"9":{"start":{"line":10,"column":0},"end":{"line":10,"column":28}},"10":{"start":{"line":11,"column":0},"end":{"line":11,"column":28}},"11":{"start":{"line":12,"column":0},"end":{"line":12,"column":4}},"12":{"start":{"line":13,"column":0},"end":{"line":13,"column":12}},"13":{"start":{"line":14,"column":0},"end":{"line":14,"column":20}},"14":{"start":{"line":15,"column":0},"end":{"line":15,"column":40}},"15":{"start":{"line":16,"column":0},"end":{"line":16,"column":3}},"17":{"start":{"line":18,"column":0},"end":{"line":18,"column":20}}},"s":{"0":1,"1":1,"3":1,"4":1,"7":1,"8":1,"9":1,"10":1,"11":1,"12":1,"13":1,"14":1,"15":1,"17":1},"branchMap":{},"b":{},"fnMap":{},"f":{}}
,"/Users/nicolas/DEV/openclassroom/wealth_health/wealth_health_front/src/main.tsx": {"path":"/Users/nicolas/DEV/openclassroom/wealth_health/wealth_health_front/src/main.tsx","all":true,"statementMap":{"0":{"start":{"line":1,"column":0},"end":{"line":1,"column":35}},"1":{"start":{"line":2,"column":0},"end":{"line":2,"column":46}},"2":{"start":{"line":3,"column":0},"end":{"line":3,"column":48}},"3":{"start":{"line":4,"column":0},"end":{"line":4,"column":39}},"4":{"start":{"line":5,"column":0},"end":{"line":5,"column":38}},"5":{"start":{"line":6,"column":0},"end":{"line":6,"column":26}},"6":{"start":{"line":7,"column":0},"end":{"line":7,"column":21}},"7":{"start":{"line":8,"column":0},"end":{"line":8,"column":42}},"9":{"start":{"line":10,"column":0},"end":{"line":10,"column":52}},"10":{"start":{"line":11,"column":0},"end":{"line":11,"column":14}},"11":{"start":{"line":12,"column":0},"end":{"line":12,"column":33}},"12":{"start":{"line":13,"column":0},"end":{"line":13,"column":30}},"13":{"start":{"line":14,"column":0},"end":{"line":14,"column":24}},"14":{"start":{"line":15,"column":0},"end":{"line":15,"column":17}},"15":{"start":{"line":16,"column":0},"end":{"line":16,"column":22}},"16":{"start":{"line":17,"column":0},"end":{"line":17,"column":15}},"17":{"start":{"line":18,"column":0},"end":{"line":18,"column":2}}},"s":{"0":0,"1":0,"2":0,"3":0,"4":0,"5":0,"6":0,"7":0,"9":0,"10":0,"11":0,"12":0,"13":0,"14":0,"15":0,"16":0,"17":0},"branchMap":{"0":{"type":"branch","line":1,"loc":{"start":{"line":1,"column":445},"end":{"line":18,"column":-348}},"locations":[{"start":{"line":1,"column":445},"end":{"line":18,"column":-348}}]}},"b":{"0":[0]},"fnMap":{"0":{"name":"(empty-report)","decl":{"start":{"line":1,"column":445},"end":{"line":18,"column":-348}},"loc":{"start":{"line":1,"column":445},"end":{"line":18,"column":-348}},"line":1}},"f":{"0":0}}
,"/Users/nicolas/DEV/openclassroom/wealth_health/wealth_health_front/src/components/Button.tsx": {"path":"/Users/nicolas/DEV/openclassroom/wealth_health/wealth_health_front/src/components/Button.tsx","all":false,"statementMap":{"17":{"start":{"line":18,"column":0},"end":{"line":18,"column":40}},"18":{"start":{"line":19,"column":0},"end":{"line":19,"column":11}},"19":{"start":{"line":20,"column":0},"end":{"line":20,"column":22}},"20":{"start":{"line":21,"column":0},"end":{"line":21,"column":18}},"21":{"start":{"line":22,"column":0},"end":{"line":22,"column":11}},"22":{"start":{"line":23,"column":0},"end":{"line":23,"column":17}},"23":{"start":{"line":24,"column":0},"end":{"line":24,"column":10}},"24":{"start":{"line":25,"column":0},"end":{"line":25,"column":7}},"25":{"start":{"line":26,"column":0},"end":{"line":26,"column":14}},"26":{"start":{"line":27,"column":0},"end":{"line":27,"column":209}},"27":{"start":{"line":28,"column":0},"end":{"line":28,"column":24}},"28":{"start":{"line":29,"column":0},"end":{"line":29,"column":20}},"29":{"start":{"line":30,"column":0},"end":{"line":30,"column":21}},"30":{"start":{"line":31,"column":0},"end":{"line":31,"column":20}},"31":{"start":{"line":32,"column":0},"end":{"line":32,"column":92}},"32":{"start":{"line":33,"column":0},"end":{"line":33,"column":12}},"33":{"start":{"line":34,"column":0},"end":{"line":34,"column":18}},"34":{"start":{"line":35,"column":0},"end":{"line":35,"column":20}},"35":{"start":{"line":36,"column":0},"end":{"line":36,"column":83}},"36":{"start":{"line":37,"column":0},"end":{"line":37,"column":12}},"37":{"start":{"line":38,"column":0},"end":{"line":38,"column":12}},"38":{"start":{"line":39,"column":0},"end":{"line":39,"column":20}},"39":{"start":{"line":40,"column":0},"end":{"line":40,"column":95}},"40":{"start":{"line":41,"column":0},"end":{"line":41,"column":3}},"41":{"start":{"line":42,"column":0},"end":{"line":42,"column":10}},"42":{"start":{"line":43,"column":0},"end":{"line":43,"column":11}},"43":{"start":{"line":44,"column":0},"end":{"line":44,"column":35}},"44":{"start":{"line":45,"column":0},"end":{"line":45,"column":56}},"45":{"start":{"line":46,"column":0},"end":{"line":46,"column":36}},"46":{"start":{"line":47,"column":0},"end":{"line":47,"column":25}},"47":{"start":{"line":48,"column":0},"end":{"line":48,"column":41}},"48":{"start":{"line":49,"column":0},"end":{"line":49,"column":17}},"49":{"start":{"line":50,"column":0},"end":{"line":50,"column":19}},"50":{"start":{"line":51,"column":0},"end":{"line":51,"column":12}},"51":{"start":{"line":52,"column":0},"end":{"line":52,"column":58}},"52":{"start":{"line":53,"column":0},"end":{"line":53,"column":44}},"53":{"start":{"line":54,"column":0},"end":{"line":54,"column":21}},"54":{"start":{"line":55,"column":0},"end":{"line":55,"column":30}},"55":{"start":{"line":56,"column":0},"end":{"line":56,"column":17}},"56":{"start":{"line":57,"column":0},"end":{"line":57,"column":34}},"57":{"start":{"line":58,"column":0},"end":{"line":58,"column":19}},"58":{"start":{"line":59,"column":0},"end":{"line":59,"column":19}},"59":{"start":{"line":60,"column":0},"end":{"line":60,"column":18}},"60":{"start":{"line":61,"column":0},"end":{"line":61,"column":33}},"61":{"start":{"line":62,"column":0},"end":{"line":62,"column":37}},"62":{"start":{"line":63,"column":0},"end":{"line":63,"column":15}},"63":{"start":{"line":64,"column":0},"end":{"line":64,"column":34}},"64":{"start":{"line":65,"column":0},"end":{"line":65,"column":31}},"65":{"start":{"line":66,"column":0},"end":{"line":66,"column":44}},"66":{"start":{"line":67,"column":0},"end":{"line":67,"column":14}},"68":{"start":{"line":69,"column":0},"end":{"line":69,"column":16}},"69":{"start":{"line":70,"column":0},"end":{"line":70,"column":13}},"71":{"start":{"line":72,"column":0},"end":{"line":72,"column":2}},"73":{"start":{"line":74,"column":0},"end":{"line":74,"column":22}}},"s":{"17":1,"18":70,"19":70,"20":70,"21":70,"22":70,"23":70,"24":70,"25":70,"26":70,"27":70,"28":70,"29":70,"30":35,"31":35,"32":35,"33":70,"34":1,"35":1,"36":1,"37":70,"38":34,"39":34,"40":70,"41":70,"42":70,"43":70,"44":70,"45":70,"46":70,"47":70,"48":70,"49":70,"50":2,"51":2,"52":2,"53":2,"54":2,"55":2,"56":2,"57":2,"58":2,"59":2,"60":2,"61":2,"62":2,"63":2,"64":2,"65":2,"66":2,"68":70,"69":70,"71":70,"73":1},"branchMap":{"0":{"type":"branch","line":18,"loc":{"start":{"line":18,"column":38},"end":{"line":72,"column":2}},"locations":[{"start":{"line":18,"column":38},"end":{"line":72,"column":2}}]},"1":{"type":"branch","line":30,"loc":{"start":{"line":30,"column":4},"end":{"line":33,"column":12}},"locations":[{"start":{"line":30,"column":4},"end":{"line":33,"column":12}}]},"2":{"type":"branch","line":34,"loc":{"start":{"line":34,"column":4},"end":{"line":37,"column":12}},"locations":[{"start":{"line":34,"column":4},"end":{"line":37,"column":12}}]},"3":{"type":"branch","line":38,"loc":{"start":{"line":38,"column":4},"end":{"line":40,"column":95}},"locations":[{"start":{"line":38,"column":4},"end":{"line":40,"column":95}}]},"4":{"type":"branch","line":44,"loc":{"start":{"line":44,"column":18},"end":{"line":44,"column":35}},"locations":[{"start":{"line":44,"column":18},"end":{"line":44,"column":35}}]},"5":{"type":"branch","line":46,"loc":{"start":{"line":46,"column":16},"end":{"line":46,"column":36}},"locations":[{"start":{"line":46,"column":16},"end":{"line":46,"column":36}}]},"6":{"type":"branch","line":48,"loc":{"start":{"line":48,"column":21},"end":{"line":48,"column":41}},"locations":[{"start":{"line":48,"column":21},"end":{"line":48,"column":41}}]},"7":{"type":"branch","line":50,"loc":{"start":{"line":50,"column":7},"end":{"line":67,"column":14}},"locations":[{"start":{"line":50,"column":7},"end":{"line":67,"column":14}}]}},"b":{"0":[70],"1":[35],"2":[1],"3":[34],"4":[57],"5":[42],"6":[42],"7":[2]},"fnMap":{"0":{"name":"Button","decl":{"start":{"line":18,"column":38},"end":{"line":72,"column":2}},"loc":{"start":{"line":18,"column":38},"end":{"line":72,"column":2}},"line":18}},"f":{"0":70}}
,"/Users/nicolas/DEV/openclassroom/wealth_health/wealth_health_front/src/components/CustomSelect.tsx": {"path":"/Users/nicolas/DEV/openclassroom/wealth_health/wealth_health_front/src/components/CustomSelect.tsx","all":false,"statementMap":{"0":{"start":{"line":1,"column":0},"end":{"line":1,"column":74}},"19":{"start":{"line":20,"column":0},"end":{"line":20,"column":52}},"20":{"start":{"line":21,"column":0},"end":{"line":21,"column":5}},"21":{"start":{"line":22,"column":0},"end":{"line":22,"column":7}},"22":{"start":{"line":23,"column":0},"end":{"line":23,"column":10}},"23":{"start":{"line":24,"column":0},"end":{"line":24,"column":8}},"24":{"start":{"line":25,"column":0},"end":{"line":25,"column":11}},"25":{"start":{"line":26,"column":0},"end":{"line":26,"column":9}},"26":{"start":{"line":27,"column":0},"end":{"line":27,"column":28}},"27":{"start":{"line":28,"column":0},"end":{"line":28,"column":8}},"28":{"start":{"line":29,"column":0},"end":{"line":29,"column":8}},"29":{"start":{"line":30,"column":0},"end":{"line":30,"column":7}},"30":{"start":{"line":31,"column":0},"end":{"line":31,"column":46}},"31":{"start":{"line":32,"column":0},"end":{"line":32,"column":63}},"32":{"start":{"line":33,"column":0},"end":{"line":33,"column":49}},"33":{"start":{"line":34,"column":0},"end":{"line":34,"column":61}},"35":{"start":{"line":36,"column":0},"end":{"line":36,"column":74}},"38":{"start":{"line":39,"column":0},"end":{"line":39,"column":19}},"39":{"start":{"line":40,"column":0},"end":{"line":40,"column":55}},"40":{"start":{"line":41,"column":0},"end":{"line":41,"column":10}},"41":{"start":{"line":42,"column":0},"end":{"line":42,"column":28}},"42":{"start":{"line":43,"column":0},"end":{"line":43,"column":57}},"43":{"start":{"line":44,"column":0},"end":{"line":44,"column":9}},"44":{"start":{"line":45,"column":0},"end":{"line":45,"column":25}},"45":{"start":{"line":46,"column":0},"end":{"line":46,"column":7}},"46":{"start":{"line":47,"column":0},"end":{"line":47,"column":6}},"47":{"start":{"line":48,"column":0},"end":{"line":48,"column":63}},"48":{"start":{"line":49,"column":0},"end":{"line":49,"column":18}},"49":{"start":{"line":50,"column":0},"end":{"line":50,"column":68}},"50":{"start":{"line":51,"column":0},"end":{"line":51,"column":6}},"51":{"start":{"line":52,"column":0},"end":{"line":52,"column":9}},"54":{"start":{"line":55,"column":0},"end":{"line":55,"column":19}},"55":{"start":{"line":56,"column":0},"end":{"line":56,"column":8}},"56":{"start":{"line":57,"column":0},"end":{"line":57,"column":15}},"57":{"start":{"line":58,"column":0},"end":{"line":58,"column":30}},"58":{"start":{"line":59,"column":0},"end":{"line":59,"column":42}},"59":{"start":{"line":60,"column":0},"end":{"line":60,"column":7}},"60":{"start":{"line":61,"column":0},"end":{"line":61,"column":60}},"61":{"start":{"line":62,"column":0},"end":{"line":62,"column":25}},"62":{"start":{"line":63,"column":0},"end":{"line":63,"column":9}},"63":{"start":{"line":64,"column":0},"end":{"line":64,"column":5}},"64":{"start":{"line":65,"column":0},"end":{"line":65,"column":33}},"66":{"start":{"line":67,"column":0},"end":{"line":67,"column":50}},"67":{"start":{"line":68,"column":0},"end":{"line":68,"column":27}},"68":{"start":{"line":69,"column":0},"end":{"line":69,"column":21}},"69":{"start":{"line":70,"column":0},"end":{"line":70,"column":45}},"70":{"start":{"line":71,"column":0},"end":{"line":71,"column":4}},"72":{"start":{"line":73,"column":0},"end":{"line":73,"column":70}},"73":{"start":{"line":74,"column":0},"end":{"line":74,"column":24}},"74":{"start":{"line":75,"column":0},"end":{"line":75,"column":19}},"75":{"start":{"line":76,"column":0},"end":{"line":76,"column":24}},"76":{"start":{"line":77,"column":0},"end":{"line":77,"column":31}},"77":{"start":{"line":78,"column":0},"end":{"line":78,"column":35}},"78":{"start":{"line":79,"column":0},"end":{"line":79,"column":46}},"79":{"start":{"line":80,"column":0},"end":{"line":80,"column":56}},"80":{"start":{"line":81,"column":0},"end":{"line":81,"column":9}},"81":{"start":{"line":82,"column":0},"end":{"line":82,"column":14}},"82":{"start":{"line":83,"column":0},"end":{"line":83,"column":23}},"83":{"start":{"line":84,"column":0},"end":{"line":84,"column":31}},"84":{"start":{"line":85,"column":0},"end":{"line":85,"column":22}},"85":{"start":{"line":86,"column":0},"end":{"line":86,"column":26}},"86":{"start":{"line":87,"column":0},"end":{"line":87,"column":9}},"87":{"start":{"line":88,"column":0},"end":{"line":88,"column":78}},"88":{"start":{"line":89,"column":0},"end":{"line":89,"column":14}},"89":{"start":{"line":90,"column":0},"end":{"line":90,"column":21}},"90":{"start":{"line":91,"column":0},"end":{"line":91,"column":31}},"91":{"start":{"line":92,"column":0},"end":{"line":92,"column":22}},"92":{"start":{"line":93,"column":0},"end":{"line":93,"column":26}},"93":{"start":{"line":94,"column":0},"end":{"line":94,"column":9}},"94":{"start":{"line":95,"column":0},"end":{"line":95,"column":61}},"95":{"start":{"line":96,"column":0},"end":{"line":96,"column":14}},"96":{"start":{"line":97,"column":0},"end":{"line":97,"column":20}},"97":{"start":{"line":98,"column":0},"end":{"line":98,"column":31}},"98":{"start":{"line":99,"column":0},"end":{"line":99,"column":25}},"99":{"start":{"line":100,"column":0},"end":{"line":100,"column":14}},"100":{"start":{"line":101,"column":0},"end":{"line":101,"column":17}},"101":{"start":{"line":102,"column":0},"end":{"line":102,"column":45}},"102":{"start":{"line":103,"column":0},"end":{"line":103,"column":17}},"103":{"start":{"line":104,"column":0},"end":{"line":104,"column":14}},"104":{"start":{"line":105,"column":0},"end":{"line":105,"column":14}},"105":{"start":{"line":106,"column":0},"end":{"line":106,"column":14}},"106":{"start":{"line":107,"column":0},"end":{"line":107,"column":5}},"107":{"start":{"line":108,"column":0},"end":{"line":108,"column":4}},"109":{"start":{"line":110,"column":0},"end":{"line":110,"column":10}},"110":{"start":{"line":111,"column":0},"end":{"line":111,"column":53}},"111":{"start":{"line":112,"column":0},"end":{"line":112,"column":12}},"112":{"start":{"line":113,"column":0},"end":{"line":113,"column":20}},"113":{"start":{"line":114,"column":0},"end":{"line":114,"column":65}},"114":{"start":{"line":115,"column":0},"end":{"line":115,"column":15}},"115":{"start":{"line":116,"column":0},"end":{"line":116,"column":14}},"116":{"start":{"line":117,"column":0},"end":{"line":117,"column":63}},"117":{"start":{"line":118,"column":0},"end":{"line":118,"column":13}},"118":{"start":{"line":119,"column":0},"end":{"line":119,"column":21}},"119":{"start":{"line":120,"column":0},"end":{"line":120,"column":42}},"120":{"start":{"line":121,"column":0},"end":{"line":121,"column":23}},"121":{"start":{"line":122,"column":0},"end":{"line":122,"column":33}},"122":{"start":{"line":123,"column":0},"end":{"line":123,"column":57}},"123":{"start":{"line":124,"column":0},"end":{"line":124,"column":54}},"124":{"start":{"line":125,"column":0},"end":{"line":125,"column":84}},"126":{"start":{"line":127,"column":0},"end":{"line":127,"column":26}},"127":{"start":{"line":128,"column":0},"end":{"line":128,"column":66}},"128":{"start":{"line":129,"column":0},"end":{"line":129,"column":72}},"129":{"start":{"line":130,"column":0},"end":{"line":130,"column":55}},"130":{"start":{"line":131,"column":0},"end":{"line":131,"column":31}},"131":{"start":{"line":132,"column":0},"end":{"line":132,"column":30}},"132":{"start":{"line":133,"column":0},"end":{"line":133,"column":40}},"133":{"start":{"line":134,"column":0},"end":{"line":134,"column":13}},"134":{"start":{"line":135,"column":0},"end":{"line":135,"column":28}},"135":{"start":{"line":136,"column":0},"end":{"line":136,"column":39}},"136":{"start":{"line":137,"column":0},"end":{"line":137,"column":62}},"137":{"start":{"line":138,"column":0},"end":{"line":138,"column":14}},"138":{"start":{"line":139,"column":0},"end":{"line":139,"column":63}},"139":{"start":{"line":140,"column":0},"end":{"line":140,"column":15}},"140":{"start":{"line":141,"column":0},"end":{"line":141,"column":12}},"141":{"start":{"line":142,"column":0},"end":{"line":142,"column":85}},"142":{"start":{"line":143,"column":0},"end":{"line":143,"column":48}},"143":{"start":{"line":144,"column":0},"end":{"line":144,"column":13}},"144":{"start":{"line":145,"column":0},"end":{"line":145,"column":44}},"145":{"start":{"line":146,"column":0},"end":{"line":146,"column":29}},"146":{"start":{"line":147,"column":0},"end":{"line":147,"column":29}},"147":{"start":{"line":148,"column":0},"end":{"line":148,"column":29}},"148":{"start":{"line":149,"column":0},"end":{"line":149,"column":15}},"149":{"start":{"line":150,"column":0},"end":{"line":150,"column":30}},"150":{"start":{"line":151,"column":0},"end":{"line":151,"column":130}},"151":{"start":{"line":152,"column":0},"end":{"line":152,"column":30}},"152":{"start":{"line":153,"column":0},"end":{"line":153,"column":12}},"153":{"start":{"line":154,"column":0},"end":{"line":154,"column":14}},"154":{"start":{"line":155,"column":0},"end":{"line":155,"column":15}},"156":{"start":{"line":157,"column":0},"end":{"line":157,"column":18}},"157":{"start":{"line":158,"column":0},"end":{"line":158,"column":11}},"158":{"start":{"line":159,"column":0},"end":{"line":159,"column":178}},"159":{"start":{"line":160,"column":0},"end":{"line":160,"column":24}},"160":{"start":{"line":161,"column":0},"end":{"line":161,"column":23}},"161":{"start":{"line":162,"column":0},"end":{"line":162,"column":42}},"162":{"start":{"line":163,"column":0},"end":{"line":163,"column":43}},"163":{"start":{"line":164,"column":0},"end":{"line":164,"column":15}},"164":{"start":{"line":165,"column":0},"end":{"line":165,"column":32}},"165":{"start":{"line":166,"column":0},"end":{"line":166,"column":28}},"166":{"start":{"line":167,"column":0},"end":{"line":167,"column":47}},"167":{"start":{"line":168,"column":0},"end":{"line":168,"column":16}},"168":{"start":{"line":169,"column":0},"end":{"line":169,"column":56}},"169":{"start":{"line":170,"column":0},"end":{"line":170,"column":61}},"170":{"start":{"line":171,"column":0},"end":{"line":171,"column":74}},"171":{"start":{"line":172,"column":0},"end":{"line":172,"column":42}},"172":{"start":{"line":173,"column":0},"end":{"line":173,"column":46}},"173":{"start":{"line":174,"column":0},"end":{"line":174,"column":53}},"174":{"start":{"line":175,"column":0},"end":{"line":175,"column":17}},"175":{"start":{"line":176,"column":0},"end":{"line":176,"column":27}},"176":{"start":{"line":177,"column":0},"end":{"line":177,"column":53}},"177":{"start":{"line":178,"column":0},"end":{"line":178,"column":19}},"178":{"start":{"line":179,"column":0},"end":{"line":179,"column":45}},"179":{"start":{"line":180,"column":0},"end":{"line":180,"column":72}},"180":{"start":{"line":181,"column":0},"end":{"line":181,"column":20}},"181":{"start":{"line":182,"column":0},"end":{"line":182,"column":30}},"182":{"start":{"line":183,"column":0},"end":{"line":183,"column":21}},"183":{"start":{"line":184,"column":0},"end":{"line":184,"column":42}},"184":{"start":{"line":185,"column":0},"end":{"line":185,"column":21}},"185":{"start":{"line":186,"column":0},"end":{"line":186,"column":82}},"186":{"start":{"line":187,"column":0},"end":{"line":187,"column":46}},"187":{"start":{"line":188,"column":0},"end":{"line":188,"column":36}},"188":{"start":{"line":189,"column":0},"end":{"line":189,"column":41}},"189":{"start":{"line":190,"column":0},"end":{"line":190,"column":22}},"190":{"start":{"line":191,"column":0},"end":{"line":191,"column":22}},"191":{"start":{"line":192,"column":0},"end":{"line":192,"column":39}},"192":{"start":{"line":193,"column":0},"end":{"line":193,"column":54}},"193":{"start":{"line":194,"column":0},"end":{"line":194,"column":39}},"194":{"start":{"line":195,"column":0},"end":{"line":195,"column":39}},"195":{"start":{"line":196,"column":0},"end":{"line":196,"column":39}},"196":{"start":{"line":197,"column":0},"end":{"line":197,"column":25}},"197":{"start":{"line":198,"column":0},"end":{"line":198,"column":40}},"198":{"start":{"line":199,"column":0},"end":{"line":199,"column":140}},"199":{"start":{"line":200,"column":0},"end":{"line":200,"column":40}},"200":{"start":{"line":201,"column":0},"end":{"line":201,"column":22}},"201":{"start":{"line":202,"column":0},"end":{"line":202,"column":24}},"202":{"start":{"line":203,"column":0},"end":{"line":203,"column":23}},"204":{"start":{"line":205,"column":0},"end":{"line":205,"column":17}},"205":{"start":{"line":206,"column":0},"end":{"line":206,"column":13}},"206":{"start":{"line":207,"column":0},"end":{"line":207,"column":13}},"208":{"start":{"line":209,"column":0},"end":{"line":209,"column":69}},"209":{"start":{"line":210,"column":0},"end":{"line":210,"column":10}},"211":{"start":{"line":212,"column":0},"end":{"line":212,"column":2}},"213":{"start":{"line":214,"column":0},"end":{"line":214,"column":28}}},"s":{"0":1,"19":1,"20":29,"21":29,"22":29,"23":29,"24":29,"25":29,"26":29,"27":29,"28":29,"29":29,"30":29,"31":29,"32":29,"33":29,"35":29,"38":29,"39":17,"40":2,"41":2,"42":2,"43":2,"44":2,"45":2,"46":2,"47":17,"48":17,"49":17,"50":17,"51":29,"54":29,"55":17,"56":17,"57":0,"58":0,"59":17,"60":0,"61":0,"62":0,"63":0,"64":29,"66":29,"67":0,"68":0,"69":0,"70":0,"72":29,"73":0,"74":0,"75":0,"76":0,"77":0,"78":0,"79":0,"80":0,"81":0,"82":0,"83":0,"84":0,"85":0,"86":0,"87":0,"88":0,"89":0,"90":0,"91":0,"92":0,"93":0,"94":0,"95":0,"96":0,"97":0,"98":0,"99":0,"100":0,"101":0,"102":0,"103":0,"104":0,"105":0,"106":0,"107":0,"109":29,"110":29,"111":29,"112":29,"113":29,"114":29,"115":29,"116":29,"117":29,"118":29,"119":29,"120":29,"121":29,"122":29,"123":29,"124":29,"126":29,"127":1,"128":28,"129":29,"130":29,"131":29,"132":29,"133":29,"134":29,"135":29,"136":29,"137":29,"138":29,"139":29,"140":29,"141":29,"142":29,"143":29,"144":29,"145":29,"146":29,"147":29,"148":29,"149":29,"150":29,"151":29,"152":29,"153":29,"154":29,"156":29,"157":0,"158":0,"159":0,"160":0,"161":0,"162":0,"163":0,"164":0,"165":0,"166":0,"167":0,"168":0,"169":0,"170":0,"171":0,"172":0,"173":0,"174":0,"175":0,"176":0,"177":0,"178":0,"179":0,"180":0,"181":0,"182":0,"183":0,"184":0,"185":0,"186":0,"187":0,"188":0,"189":0,"190":0,"191":0,"192":0,"193":0,"194":0,"195":0,"196":0,"197":0,"198":0,"199":0,"200":0,"201":0,"202":0,"204":0,"205":0,"206":0,"208":29,"209":29,"211":29,"213":1},"branchMap":{"0":{"type":"branch","line":20,"loc":{"start":{"line":20,"column":50},"end":{"line":212,"column":2}},"locations":[{"start":{"line":20,"column":50},"end":{"line":212,"column":2}}]},"1":{"type":"branch","line":124,"loc":{"start":{"line":124,"column":10},"end":{"line":124,"column":37}},"locations":[{"start":{"line":124,"column":10},"end":{"line":124,"column":37}}]},"2":{"type":"branch","line":124,"loc":{"start":{"line":124,"column":18},"end":{"line":124,"column":54}},"locations":[{"start":{"line":124,"column":18},"end":{"line":124,"column":54}}]},"3":{"type":"branch","line":127,"loc":{"start":{"line":127,"column":21},"end":{"line":128,"column":66}},"locations":[{"start":{"line":127,"column":21},"end":{"line":128,"column":66}}]},"4":{"type":"branch","line":128,"loc":{"start":{"line":128,"column":25},"end":{"line":129,"column":72}},"locations":[{"start":{"line":128,"column":25},"end":{"line":129,"column":72}}]},"5":{"type":"branch","line":137,"loc":{"start":{"line":137,"column":12},"end":{"line":137,"column":47}},"locations":[{"start":{"line":137,"column":12},"end":{"line":137,"column":47}}]},"6":{"type":"branch","line":137,"loc":{"start":{"line":137,"column":29},"end":{"line":137,"column":62}},"locations":[{"start":{"line":137,"column":29},"end":{"line":137,"column":62}}]},"7":{"type":"branch","line":139,"loc":{"start":{"line":139,"column":11},"end":{"line":139,"column":51}},"locations":[{"start":{"line":139,"column":11},"end":{"line":139,"column":51}}]},"8":{"type":"branch","line":139,"loc":{"start":{"line":139,"column":43},"end":{"line":139,"column":63}},"locations":[{"start":{"line":139,"column":43},"end":{"line":139,"column":63}}]},"9":{"type":"branch","line":143,"loc":{"start":{"line":143,"column":12},"end":{"line":143,"column":46}},"locations":[{"start":{"line":143,"column":12},"end":{"line":143,"column":46}}]},"10":{"type":"branch","line":157,"loc":{"start":{"line":157,"column":7},"end":{"line":207,"column":13}},"locations":[{"start":{"line":157,"column":7},"end":{"line":207,"column":13}}]},"11":{"type":"branch","line":209,"loc":{"start":{"line":209,"column":7},"end":{"line":209,"column":69}},"locations":[{"start":{"line":209,"column":7},"end":{"line":209,"column":69}}]},"12":{"type":"branch","line":36,"loc":{"start":{"line":36,"column":38},"end":{"line":36,"column":72}},"locations":[{"start":{"line":36,"column":38},"end":{"line":36,"column":72}}]},"13":{"type":"branch","line":39,"loc":{"start":{"line":39,"column":12},"end":{"line":52,"column":5}},"locations":[{"start":{"line":39,"column":12},"end":{"line":52,"column":5}}]},"14":{"type":"branch","line":40,"loc":{"start":{"line":40,"column":31},"end":{"line":47,"column":6}},"locations":[{"start":{"line":40,"column":31},"end":{"line":47,"column":6}}]},"15":{"type":"branch","line":49,"loc":{"start":{"line":49,"column":11},"end":{"line":51,"column":6}},"locations":[{"start":{"line":49,"column":11},"end":{"line":51,"column":6}}]},"16":{"type":"branch","line":55,"loc":{"start":{"line":55,"column":12},"end":{"line":65,"column":5}},"locations":[{"start":{"line":55,"column":12},"end":{"line":65,"column":5}}]},"17":{"type":"branch","line":57,"loc":{"start":{"line":57,"column":6},"end":{"line":58,"column":30}},"locations":[{"start":{"line":57,"column":6},"end":{"line":58,"column":30}}]},"18":{"type":"branch","line":58,"loc":{"start":{"line":58,"column":26},"end":{"line":59,"column":42}},"locations":[{"start":{"line":58,"column":26},"end":{"line":59,"column":42}}]},"19":{"type":"branch","line":60,"loc":{"start":{"line":60,"column":6},"end":{"line":64,"column":5}},"locations":[{"start":{"line":60,"column":6},"end":{"line":64,"column":5}}]}},"b":{"0":[29],"1":[1],"2":[28],"3":[1],"4":[28],"5":[2],"6":[27],"7":[2],"8":[27],"9":[0],"10":[0],"11":[1],"12":[672],"13":[17],"14":[2],"15":[17],"16":[17],"17":[0],"18":[0],"19":[0]},"fnMap":{"0":{"name":"CustomSelect","decl":{"start":{"line":20,"column":50},"end":{"line":212,"column":2}},"loc":{"start":{"line":20,"column":50},"end":{"line":212,"column":2}},"line":20},"1":{"name":"handleClickOutside","decl":{"start":{"line":40,"column":31},"end":{"line":47,"column":6}},"loc":{"start":{"line":40,"column":31},"end":{"line":47,"column":6}},"line":40},"2":{"name":"handleSelectOption","decl":{"start":{"line":67,"column":29},"end":{"line":71,"column":4}},"loc":{"start":{"line":67,"column":29},"end":{"line":71,"column":4}},"line":67},"3":{"name":"handleKeyDown","decl":{"start":{"line":73,"column":24},"end":{"line":108,"column":4}},"loc":{"start":{"line":73,"column":24},"end":{"line":108,"column":4}},"line":73},"4":{"name":"onClick","decl":{"start":{"line":120,"column":17},"end":{"line":120,"column":42}},"loc":{"start":{"line":120,"column":17},"end":{"line":120,"column":42}},"line":120}},"f":{"0":29,"1":2,"2":0,"3":0,"4":0}}
,"/Users/nicolas/DEV/openclassroom/wealth_health/wealth_health_front/src/components/EmployeeCardList.tsx": {"path":"/Users/nicolas/DEV/openclassroom/wealth_health/wealth_health_front/src/components/EmployeeCardList.tsx","all":false,"statementMap":{"0":{"start":{"line":1,"column":0},"end":{"line":1,"column":51}},"9":{"start":{"line":10,"column":0},"end":{"line":10,"column":75}},"10":{"start":{"line":11,"column":0},"end":{"line":11,"column":26}},"11":{"start":{"line":12,"column":0},"end":{"line":12,"column":12}},"12":{"start":{"line":13,"column":0},"end":{"line":13,"column":78}},"13":{"start":{"line":14,"column":0},"end":{"line":14,"column":40}},"14":{"start":{"line":15,"column":0},"end":{"line":15,"column":12}},"16":{"start":{"line":17,"column":0},"end":{"line":17,"column":3}},"17":{"start":{"line":18,"column":0},"end":{"line":18,"column":10}},"18":{"start":{"line":19,"column":0},"end":{"line":19,"column":41}},"19":{"start":{"line":20,"column":0},"end":{"line":20,"column":26}},"20":{"start":{"line":21,"column":0},"end":{"line":21,"column":12}},"21":{"start":{"line":22,"column":0},"end":{"line":22,"column":22}},"22":{"start":{"line":23,"column":0},"end":{"line":23,"column":96}},"23":{"start":{"line":24,"column":0},"end":{"line":24,"column":48}},"24":{"start":{"line":25,"column":0},"end":{"line":25,"column":57}},"25":{"start":{"line":26,"column":0},"end":{"line":26,"column":66}},"26":{"start":{"line":27,"column":0},"end":{"line":27,"column":65}},"27":{"start":{"line":28,"column":0},"end":{"line":28,"column":48}},"28":{"start":{"line":29,"column":0},"end":{"line":29,"column":23}},"29":{"start":{"line":30,"column":0},"end":{"line":30,"column":21}},"30":{"start":{"line":31,"column":0},"end":{"line":31,"column":54}},"31":{"start":{"line":32,"column":0},"end":{"line":32,"column":75}},"32":{"start":{"line":33,"column":0},"end":{"line":33,"column":21}},"33":{"start":{"line":34,"column":0},"end":{"line":34,"column":18}},"34":{"start":{"line":35,"column":0},"end":{"line":35,"column":13}},"35":{"start":{"line":36,"column":0},"end":{"line":36,"column":14}},"36":{"start":{"line":37,"column":0},"end":{"line":37,"column":9}},"37":{"start":{"line":38,"column":0},"end":{"line":38,"column":10}},"39":{"start":{"line":40,"column":0},"end":{"line":40,"column":2}},"41":{"start":{"line":42,"column":0},"end":{"line":42,"column":32}}},"s":{"0":1,"9":1,"10":2,"11":1,"12":1,"13":1,"14":1,"16":1,"17":1,"18":1,"19":1,"20":2,"21":2,"22":2,"23":2,"24":18,"25":18,"26":18,"27":18,"28":0,"29":18,"30":18,"31":18,"32":18,"33":18,"34":2,"35":2,"36":1,"37":1,"39":1,"41":1},"branchMap":{"0":{"type":"branch","line":10,"loc":{"start":{"line":10,"column":25},"end":{"line":40,"column":2}},"locations":[{"start":{"line":10,"column":25},"end":{"line":40,"column":2}}]},"1":{"type":"branch","line":11,"loc":{"start":{"line":11,"column":25},"end":{"line":40,"column":2}},"locations":[{"start":{"line":11,"column":25},"end":{"line":40,"column":2}}]},"2":{"type":"branch","line":14,"loc":{"start":{"line":14,"column":9},"end":{"line":14,"column":40}},"locations":[{"start":{"line":14,"column":9},"end":{"line":14,"column":40}}]},"3":{"type":"branch","line":20,"loc":{"start":{"line":20,"column":16},"end":{"line":36,"column":14}},"locations":[{"start":{"line":20,"column":16},"end":{"line":36,"column":14}}]},"4":{"type":"branch","line":24,"loc":{"start":{"line":24,"column":37},"end":{"line":34,"column":18}},"locations":[{"start":{"line":24,"column":37},"end":{"line":34,"column":18}}]},"5":{"type":"branch","line":28,"loc":{"start":{"line":28,"column":42},"end":{"line":29,"column":23}},"locations":[{"start":{"line":28,"column":42},"end":{"line":29,"column":23}}]}},"b":{"0":[2],"1":[1],"2":[0],"3":[2],"4":[18],"5":[0]},"fnMap":{"0":{"name":"EmployeeCardList","decl":{"start":{"line":10,"column":25},"end":{"line":40,"column":2}},"loc":{"start":{"line":10,"column":25},"end":{"line":40,"column":2}},"line":10}},"f":{"0":2}}
,"/Users/nicolas/DEV/openclassroom/wealth_health/wealth_health_front/src/components/EmployeeTable.tsx": {"path":"/Users/nicolas/DEV/openclassroom/wealth_health/wealth_health_front/src/components/EmployeeTable.tsx","all":false,"statementMap":{"0":{"start":{"line":1,"column":0},"end":{"line":1,"column":51}},"10":{"start":{"line":11,"column":0},"end":{"line":11,"column":75}},"11":{"start":{"line":12,"column":0},"end":{"line":12,"column":103}},"12":{"start":{"line":13,"column":0},"end":{"line":13,"column":59}},"13":{"start":{"line":14,"column":0},"end":{"line":14,"column":54}},"14":{"start":{"line":15,"column":0},"end":{"line":15,"column":55}},"15":{"start":{"line":16,"column":0},"end":{"line":16,"column":35}},"16":{"start":{"line":17,"column":0},"end":{"line":17,"column":50}},"17":{"start":{"line":18,"column":0},"end":{"line":18,"column":17}},"18":{"start":{"line":19,"column":0},"end":{"line":19,"column":31}},"19":{"start":{"line":20,"column":0},"end":{"line":20,"column":27}},"20":{"start":{"line":21,"column":0},"end":{"line":21,"column":169}},"21":{"start":{"line":22,"column":0},"end":{"line":22,"column":65}},"22":{"start":{"line":23,"column":0},"end":{"line":23,"column":24}},"23":{"start":{"line":24,"column":0},"end":{"line":24,"column":24}},"24":{"start":{"line":25,"column":0},"end":{"line":25,"column":76}},"25":{"start":{"line":26,"column":0},"end":{"line":26,"column":19}},"26":{"start":{"line":27,"column":0},"end":{"line":27,"column":52}},"27":{"start":{"line":28,"column":0},"end":{"line":28,"column":30}},"28":{"start":{"line":29,"column":0},"end":{"line":29,"column":51}},"29":{"start":{"line":30,"column":0},"end":{"line":30,"column":39}},"30":{"start":{"line":31,"column":0},"end":{"line":31,"column":20}},"31":{"start":{"line":32,"column":0},"end":{"line":32,"column":20}},"32":{"start":{"line":33,"column":0},"end":{"line":33,"column":74}},"33":{"start":{"line":34,"column":0},"end":{"line":34,"column":75}},"34":{"start":{"line":35,"column":0},"end":{"line":35,"column":63}},"35":{"start":{"line":36,"column":0},"end":{"line":36,"column":85}},"37":{"start":{"line":38,"column":0},"end":{"line":38,"column":27}},"39":{"start":{"line":40,"column":0},"end":{"line":40,"column":23}},"40":{"start":{"line":41,"column":0},"end":{"line":41,"column":19}},"41":{"start":{"line":42,"column":0},"end":{"line":42,"column":15}},"42":{"start":{"line":43,"column":0},"end":{"line":43,"column":15}},"43":{"start":{"line":44,"column":0},"end":{"line":44,"column":11}},"44":{"start":{"line":45,"column":0},"end":{"line":45,"column":14}},"45":{"start":{"line":46,"column":0},"end":{"line":46,"column":59}},"46":{"start":{"line":47,"column":0},"end":{"line":47,"column":50}},"47":{"start":{"line":48,"column":0},"end":{"line":48,"column":14}},"48":{"start":{"line":49,"column":0},"end":{"line":49,"column":15}},"49":{"start":{"line":50,"column":0},"end":{"line":50,"column":52}},"50":{"start":{"line":51,"column":0},"end":{"line":51,"column":70}},"51":{"start":{"line":52,"column":0},"end":{"line":52,"column":51}},"52":{"start":{"line":53,"column":0},"end":{"line":53,"column":56}},"53":{"start":{"line":54,"column":0},"end":{"line":54,"column":17}},"54":{"start":{"line":55,"column":0},"end":{"line":55,"column":15}},"56":{"start":{"line":57,"column":0},"end":{"line":57,"column":49}},"57":{"start":{"line":58,"column":0},"end":{"line":58,"column":15}},"58":{"start":{"line":59,"column":0},"end":{"line":59,"column":26}},"59":{"start":{"line":60,"column":0},"end":{"line":60,"column":107}},"60":{"start":{"line":61,"column":0},"end":{"line":61,"column":52}},"61":{"start":{"line":62,"column":0},"end":{"line":62,"column":19}},"62":{"start":{"line":63,"column":0},"end":{"line":63,"column":31}},"63":{"start":{"line":64,"column":0},"end":{"line":64,"column":80}},"64":{"start":{"line":65,"column":0},"end":{"line":65,"column":77}},"65":{"start":{"line":66,"column":0},"end":{"line":66,"column":21}},"66":{"start":{"line":67,"column":0},"end":{"line":67,"column":17}},"67":{"start":{"line":68,"column":0},"end":{"line":68,"column":17}},"68":{"start":{"line":69,"column":0},"end":{"line":69,"column":12}},"70":{"start":{"line":71,"column":0},"end":{"line":71,"column":14}},"71":{"start":{"line":72,"column":0},"end":{"line":72,"column":12}},"72":{"start":{"line":73,"column":0},"end":{"line":73,"column":8}},"75":{"start":{"line":76,"column":0},"end":{"line":76,"column":29}}},"s":{"0":1,"10":1,"11":10,"12":10,"13":10,"14":10,"15":10,"16":10,"17":90,"18":90,"19":90,"20":90,"21":90,"22":90,"23":90,"24":90,"25":90,"26":90,"27":90,"28":90,"29":90,"30":90,"31":90,"32":90,"33":90,"34":90,"35":90,"37":90,"39":90,"40":90,"41":10,"42":10,"43":10,"44":10,"45":10,"46":10,"47":0,"48":0,"49":0,"50":0,"51":0,"52":0,"53":0,"54":0,"56":10,"57":18,"58":18,"59":18,"60":18,"61":162,"62":162,"63":162,"64":162,"65":162,"66":18,"67":18,"68":10,"70":10,"71":10,"72":10,"75":1},"branchMap":{"0":{"type":"branch","line":11,"loc":{"start":{"line":11,"column":22},"end":{"line":73,"column":8}},"locations":[{"start":{"line":11,"column":22},"end":{"line":73,"column":8}}]},"1":{"type":"branch","line":47,"loc":{"start":{"line":47,"column":45},"end":{"line":55,"column":15}},"locations":[{"start":{"line":47,"column":45},"end":{"line":55,"column":15}}]},"2":{"type":"branch","line":15,"loc":{"start":{"line":15,"column":37},"end":{"line":43,"column":15}},"locations":[{"start":{"line":15,"column":37},"end":{"line":43,"column":15}}]},"3":{"type":"branch","line":17,"loc":{"start":{"line":17,"column":37},"end":{"line":41,"column":19}},"locations":[{"start":{"line":17,"column":37},"end":{"line":41,"column":19}}]},"4":{"type":"branch","line":25,"loc":{"start":{"line":25,"column":41},"end":{"line":25,"column":66}},"locations":[{"start":{"line":25,"column":41},"end":{"line":25,"column":66}}]},"5":{"type":"branch","line":57,"loc":{"start":{"line":57,"column":39},"end":{"line":68,"column":17}},"locations":[{"start":{"line":57,"column":39},"end":{"line":68,"column":17}}]},"6":{"type":"branch","line":61,"loc":{"start":{"line":61,"column":41},"end":{"line":66,"column":21}},"locations":[{"start":{"line":61,"column":41},"end":{"line":66,"column":21}}]}},"b":{"0":[10],"1":[0],"2":[10],"3":[90],"4":[0],"5":[18],"6":[162]},"fnMap":{"0":{"name":"EmployeeTable","decl":{"start":{"line":11,"column":22},"end":{"line":73,"column":8}},"loc":{"start":{"line":11,"column":22},"end":{"line":73,"column":8}},"line":11}},"f":{"0":10}}
,"/Users/nicolas/DEV/openclassroom/wealth_health/wealth_health_front/src/components/FormDatePicker.tsx": {"path":"/Users/nicolas/DEV/openclassroom/wealth_health/wealth_health_front/src/components/FormDatePicker.tsx","all":false,"statementMap":{"0":{"start":{"line":1,"column":0},"end":{"line":1,"column":66}},"1":{"start":{"line":2,"column":0},"end":{"line":2,"column":42}},"3":{"start":{"line":4,"column":0},"end":{"line":4,"column":56}},"4":{"start":{"line":5,"column":0},"end":{"line":5,"column":47}},"15":{"start":{"line":16,"column":0},"end":{"line":16,"column":25}},"16":{"start":{"line":17,"column":0},"end":{"line":17,"column":5}},"17":{"start":{"line":18,"column":0},"end":{"line":18,"column":8}},"18":{"start":{"line":19,"column":0},"end":{"line":19,"column":7}},"19":{"start":{"line":20,"column":0},"end":{"line":20,"column":10}},"20":{"start":{"line":21,"column":0},"end":{"line":21,"column":8}},"21":{"start":{"line":22,"column":0},"end":{"line":22,"column":8}},"22":{"start":{"line":23,"column":0},"end":{"line":23,"column":28}},"23":{"start":{"line":24,"column":0},"end":{"line":24,"column":39}},"26":{"start":{"line":27,"column":0},"end":{"line":27,"column":45}},"27":{"start":{"line":28,"column":0},"end":{"line":28,"column":18}},"28":{"start":{"line":29,"column":0},"end":{"line":29,"column":16}},"29":{"start":{"line":30,"column":0},"end":{"line":30,"column":25}},"30":{"start":{"line":31,"column":0},"end":{"line":31,"column":16}},"31":{"start":{"line":32,"column":0},"end":{"line":32,"column":14}},"32":{"start":{"line":33,"column":0},"end":{"line":33,"column":20}},"33":{"start":{"line":34,"column":0},"end":{"line":34,"column":5}},"34":{"start":{"line":35,"column":0},"end":{"line":35,"column":4}},"36":{"start":{"line":37,"column":0},"end":{"line":37,"column":56}},"38":{"start":{"line":39,"column":0},"end":{"line":39,"column":10}},"39":{"start":{"line":40,"column":0},"end":{"line":40,"column":9}},"40":{"start":{"line":41,"column":0},"end":{"line":41,"column":12}},"41":{"start":{"line":42,"column":0},"end":{"line":42,"column":20}},"42":{"start":{"line":43,"column":0},"end":{"line":43,"column":65}},"43":{"start":{"line":44,"column":0},"end":{"line":44,"column":15}},"44":{"start":{"line":45,"column":0},"end":{"line":45,"column":14}},"45":{"start":{"line":46,"column":0},"end":{"line":46,"column":17}},"46":{"start":{"line":47,"column":0},"end":{"line":47,"column":25}},"47":{"start":{"line":48,"column":0},"end":{"line":48,"column":19}},"48":{"start":{"line":49,"column":0},"end":{"line":49,"column":21}},"49":{"start":{"line":50,"column":0},"end":{"line":50,"column":32}},"50":{"start":{"line":51,"column":0},"end":{"line":51,"column":21}},"51":{"start":{"line":52,"column":0},"end":{"line":52,"column":19}},"52":{"start":{"line":53,"column":0},"end":{"line":53,"column":37}},"53":{"start":{"line":54,"column":0},"end":{"line":54,"column":33}},"54":{"start":{"line":55,"column":0},"end":{"line":55,"column":71}},"55":{"start":{"line":56,"column":0},"end":{"line":56,"column":72}},"56":{"start":{"line":57,"column":0},"end":{"line":57,"column":61}},"57":{"start":{"line":58,"column":0},"end":{"line":58,"column":58}},"58":{"start":{"line":59,"column":0},"end":{"line":59,"column":69}},"59":{"start":{"line":60,"column":0},"end":{"line":60,"column":19}},"60":{"start":{"line":61,"column":0},"end":{"line":61,"column":59}},"61":{"start":{"line":62,"column":0},"end":{"line":62,"column":65}},"62":{"start":{"line":63,"column":0},"end":{"line":63,"column":48}},"63":{"start":{"line":64,"column":0},"end":{"line":64,"column":37}},"64":{"start":{"line":65,"column":0},"end":{"line":65,"column":28}},"65":{"start":{"line":66,"column":0},"end":{"line":66,"column":29}},"66":{"start":{"line":67,"column":0},"end":{"line":67,"column":33}},"67":{"start":{"line":68,"column":0},"end":{"line":68,"column":34}},"68":{"start":{"line":69,"column":0},"end":{"line":69,"column":64}},"69":{"start":{"line":70,"column":0},"end":{"line":70,"column":34}},"70":{"start":{"line":71,"column":0},"end":{"line":71,"column":12}},"72":{"start":{"line":73,"column":0},"end":{"line":73,"column":8}},"73":{"start":{"line":74,"column":0},"end":{"line":74,"column":17}},"74":{"start":{"line":75,"column":0},"end":{"line":75,"column":68}},"75":{"start":{"line":76,"column":0},"end":{"line":76,"column":25}},"76":{"start":{"line":77,"column":0},"end":{"line":77,"column":12}},"78":{"start":{"line":79,"column":0},"end":{"line":79,"column":10}},"80":{"start":{"line":81,"column":0},"end":{"line":81,"column":2}},"82":{"start":{"line":83,"column":0},"end":{"line":83,"column":30}}},"s":{"0":1,"1":1,"3":1,"4":1,"15":1,"16":24,"17":24,"18":24,"19":24,"20":24,"21":24,"22":24,"23":24,"26":24,"27":24,"28":24,"29":24,"30":24,"31":24,"32":0,"33":24,"34":24,"36":24,"38":24,"39":24,"40":24,"41":24,"42":24,"43":24,"44":24,"45":24,"46":24,"47":24,"48":24,"49":24,"50":24,"51":24,"52":24,"53":24,"54":24,"55":24,"56":24,"57":24,"58":24,"59":24,"60":0,"61":24,"62":24,"63":24,"64":24,"65":24,"66":24,"67":24,"68":24,"69":24,"70":24,"72":24,"73":24,"74":0,"75":0,"76":0,"78":24,"80":24,"82":1},"branchMap":{"0":{"type":"branch","line":16,"loc":{"start":{"line":16,"column":23},"end":{"line":81,"column":2}},"locations":[{"start":{"line":16,"column":23},"end":{"line":81,"column":2}}]},"1":{"type":"branch","line":74,"loc":{"start":{"line":74,"column":7},"end":{"line":77,"column":12}},"locations":[{"start":{"line":74,"column":7},"end":{"line":77,"column":12}}]},"2":{"type":"branch","line":27,"loc":{"start":{"line":27,"column":27},"end":{"line":35,"column":4}},"locations":[{"start":{"line":27,"column":27},"end":{"line":35,"column":4}}]},"3":{"type":"branch","line":31,"loc":{"start":{"line":31,"column":6},"end":{"line":31,"column":16}},"locations":[{"start":{"line":31,"column":6},"end":{"line":31,"column":16}}]},"4":{"type":"branch","line":32,"loc":{"start":{"line":32,"column":6},"end":{"line":33,"column":20}},"locations":[{"start":{"line":32,"column":6},"end":{"line":33,"column":20}}]},"5":{"type":"branch","line":50,"loc":{"start":{"line":50,"column":16},"end":{"line":71,"column":12}},"locations":[{"start":{"line":50,"column":16},"end":{"line":71,"column":12}}]},"6":{"type":"branch","line":55,"loc":{"start":{"line":55,"column":45},"end":{"line":55,"column":66}},"locations":[{"start":{"line":55,"column":45},"end":{"line":55,"column":66}}]},"7":{"type":"branch","line":58,"loc":{"start":{"line":58,"column":14},"end":{"line":58,"column":41}},"locations":[{"start":{"line":58,"column":14},"end":{"line":58,"column":41}}]},"8":{"type":"branch","line":60,"loc":{"start":{"line":60,"column":14},"end":{"line":61,"column":59}},"locations":[{"start":{"line":60,"column":14},"end":{"line":61,"column":59}}]},"9":{"type":"branch","line":69,"loc":{"start":{"line":69,"column":30},"end":{"line":69,"column":54}},"locations":[{"start":{"line":69,"column":30},"end":{"line":69,"column":54}}]}},"b":{"0":[24],"1":[0],"2":[24],"3":[0],"4":[0],"5":[24],"6":[0],"7":[0],"8":[0],"9":[0]},"fnMap":{"0":{"name":"FormDatePicker","decl":{"start":{"line":16,"column":23},"end":{"line":81,"column":2}},"loc":{"start":{"line":16,"column":23},"end":{"line":81,"column":2}},"line":16},"1":{"name":"getDateFnsLocale","decl":{"start":{"line":27,"column":27},"end":{"line":35,"column":4}},"loc":{"start":{"line":27,"column":27},"end":{"line":35,"column":4}},"line":27},"2":{"name":"render","decl":{"start":{"line":50,"column":16},"end":{"line":71,"column":12}},"loc":{"start":{"line":50,"column":16},"end":{"line":71,"column":12}},"line":50}},"f":{"0":24,"1":24,"2":24}}
,"/Users/nicolas/DEV/openclassroom/wealth_health/wealth_health_front/src/components/FormInput.tsx": {"path":"/Users/nicolas/DEV/openclassroom/wealth_health/wealth_health_front/src/components/FormInput.tsx","all":false,"statementMap":{"18":{"start":{"line":19,"column":0},"end":{"line":19,"column":20}},"19":{"start":{"line":20,"column":0},"end":{"line":20,"column":5}},"20":{"start":{"line":21,"column":0},"end":{"line":21,"column":8}},"21":{"start":{"line":22,"column":0},"end":{"line":22,"column":16}},"22":{"start":{"line":23,"column":0},"end":{"line":23,"column":8}},"23":{"start":{"line":24,"column":0},"end":{"line":24,"column":15}},"24":{"start":{"line":25,"column":0},"end":{"line":25,"column":11}},"25":{"start":{"line":26,"column":0},"end":{"line":26,"column":7}},"26":{"start":{"line":27,"column":0},"end":{"line":27,"column":8}},"27":{"start":{"line":28,"column":0},"end":{"line":28,"column":14}},"28":{"start":{"line":29,"column":0},"end":{"line":29,"column":12}},"29":{"start":{"line":30,"column":0},"end":{"line":30,"column":10}},"30":{"start":{"line":31,"column":0},"end":{"line":31,"column":12}},"31":{"start":{"line":32,"column":0},"end":{"line":32,"column":23}},"32":{"start":{"line":33,"column":0},"end":{"line":33,"column":10}},"33":{"start":{"line":34,"column":0},"end":{"line":34,"column":9}},"34":{"start":{"line":35,"column":0},"end":{"line":35,"column":12}},"35":{"start":{"line":36,"column":0},"end":{"line":36,"column":20}},"36":{"start":{"line":37,"column":0},"end":{"line":37,"column":65}},"37":{"start":{"line":38,"column":0},"end":{"line":38,"column":15}},"38":{"start":{"line":39,"column":0},"end":{"line":39,"column":14}},"39":{"start":{"line":40,"column":0},"end":{"line":40,"column":12}},"40":{"start":{"line":41,"column":0},"end":{"line":41,"column":19}},"41":{"start":{"line":42,"column":0},"end":{"line":42,"column":15}},"42":{"start":{"line":43,"column":0},"end":{"line":43,"column":35}},"43":{"start":{"line":44,"column":0},"end":{"line":44,"column":33}},"44":{"start":{"line":45,"column":0},"end":{"line":45,"column":34}},"45":{"start":{"line":46,"column":0},"end":{"line":46,"column":57}},"46":{"start":{"line":47,"column":0},"end":{"line":47,"column":54}},"47":{"start":{"line":48,"column":0},"end":{"line":48,"column":65}},"48":{"start":{"line":49,"column":0},"end":{"line":49,"column":15}},"49":{"start":{"line":50,"column":0},"end":{"line":50,"column":55}},"50":{"start":{"line":51,"column":0},"end":{"line":51,"column":61}},"51":{"start":{"line":52,"column":0},"end":{"line":52,"column":44}},"52":{"start":{"line":53,"column":0},"end":{"line":53,"column":30}},"53":{"start":{"line":54,"column":0},"end":{"line":54,"column":60}},"54":{"start":{"line":55,"column":0},"end":{"line":55,"column":45}},"55":{"start":{"line":56,"column":0},"end":{"line":56,"column":41}},"56":{"start":{"line":57,"column":0},"end":{"line":57,"column":45}},"57":{"start":{"line":58,"column":0},"end":{"line":58,"column":8}},"58":{"start":{"line":59,"column":0},"end":{"line":59,"column":17}},"59":{"start":{"line":60,"column":0},"end":{"line":60,"column":68}},"60":{"start":{"line":61,"column":0},"end":{"line":61,"column":25}},"61":{"start":{"line":62,"column":0},"end":{"line":62,"column":12}},"63":{"start":{"line":64,"column":0},"end":{"line":64,"column":10}},"65":{"start":{"line":66,"column":0},"end":{"line":66,"column":2}},"67":{"start":{"line":68,"column":0},"end":{"line":68,"column":25}}},"s":{"18":1,"19":60,"20":60,"21":60,"22":60,"23":60,"24":60,"25":60,"26":60,"27":60,"28":60,"29":60,"30":60,"31":60,"32":60,"33":60,"34":60,"35":60,"36":60,"37":60,"38":60,"39":60,"40":60,"41":60,"42":60,"43":60,"44":60,"45":60,"46":60,"47":60,"48":60,"49":0,"50":60,"51":60,"52":60,"53":60,"54":60,"55":60,"56":60,"57":60,"58":60,"59":0,"60":0,"61":0,"63":60,"65":60,"67":1},"branchMap":{"0":{"type":"branch","line":19,"loc":{"start":{"line":19,"column":18},"end":{"line":66,"column":2}},"locations":[{"start":{"line":19,"column":18},"end":{"line":66,"column":2}}]},"1":{"type":"branch","line":47,"loc":{"start":{"line":47,"column":10},"end":{"line":47,"column":37}},"locations":[{"start":{"line":47,"column":10},"end":{"line":47,"column":37}}]},"2":{"type":"branch","line":49,"loc":{"start":{"line":49,"column":10},"end":{"line":50,"column":55}},"locations":[{"start":{"line":49,"column":10},"end":{"line":50,"column":55}}]},"3":{"type":"branch","line":54,"loc":{"start":{"line":54,"column":26},"end":{"line":54,"column":50}},"locations":[{"start":{"line":54,"column":26},"end":{"line":54,"column":50}}]},"4":{"type":"branch","line":55,"loc":{"start":{"line":55,"column":13},"end":{"line":55,"column":41}},"locations":[{"start":{"line":55,"column":13},"end":{"line":55,"column":41}}]},"5":{"type":"branch","line":55,"loc":{"start":{"line":55,"column":37},"end":{"line":55,"column":45}},"locations":[{"start":{"line":55,"column":37},"end":{"line":55,"column":45}}]},"6":{"type":"branch","line":56,"loc":{"start":{"line":56,"column":13},"end":{"line":56,"column":37}},"locations":[{"start":{"line":56,"column":13},"end":{"line":56,"column":37}}]},"7":{"type":"branch","line":56,"loc":{"start":{"line":56,"column":33},"end":{"line":56,"column":41}},"locations":[{"start":{"line":56,"column":33},"end":{"line":56,"column":41}}]},"8":{"type":"branch","line":57,"loc":{"start":{"line":57,"column":13},"end":{"line":57,"column":41}},"locations":[{"start":{"line":57,"column":13},"end":{"line":57,"column":41}}]},"9":{"type":"branch","line":57,"loc":{"start":{"line":57,"column":37},"end":{"line":57,"column":45}},"locations":[{"start":{"line":57,"column":37},"end":{"line":57,"column":45}}]},"10":{"type":"branch","line":59,"loc":{"start":{"line":59,"column":7},"end":{"line":62,"column":12}},"locations":[{"start":{"line":59,"column":7},"end":{"line":62,"column":12}}]}},"b":{"0":[60],"1":[0],"2":[0],"3":[0],"4":[12],"5":[48],"6":[12],"7":[48],"8":[12],"9":[48],"10":[0]},"fnMap":{"0":{"name":"FormInput","decl":{"start":{"line":19,"column":18},"end":{"line":66,"column":2}},"loc":{"start":{"line":19,"column":18},"end":{"line":66,"column":2}},"line":19}},"f":{"0":60}}
,"/Users/nicolas/DEV/openclassroom/wealth_health/wealth_health_front/src/components/Header.tsx": {"path":"/Users/nicolas/DEV/openclassroom/wealth_health/wealth_health_front/src/components/Header.tsx","all":false,"statementMap":{"0":{"start":{"line":1,"column":0},"end":{"line":1,"column":49}},"1":{"start":{"line":2,"column":0},"end":{"line":2,"column":47}},"10":{"start":{"line":11,"column":0},"end":{"line":11,"column":17}},"11":{"start":{"line":12,"column":0},"end":{"line":12,"column":12}},"12":{"start":{"line":13,"column":0},"end":{"line":13,"column":18}},"13":{"start":{"line":14,"column":0},"end":{"line":14,"column":23}},"14":{"start":{"line":15,"column":0},"end":{"line":15,"column":11}},"15":{"start":{"line":16,"column":0},"end":{"line":16,"column":20}},"16":{"start":{"line":17,"column":0},"end":{"line":17,"column":33}},"17":{"start":{"line":18,"column":0},"end":{"line":18,"column":10}},"18":{"start":{"line":19,"column":0},"end":{"line":19,"column":58}},"19":{"start":{"line":20,"column":0},"end":{"line":20,"column":73}},"21":{"start":{"line":22,"column":0},"end":{"line":22,"column":15}},"22":{"start":{"line":23,"column":0},"end":{"line":23,"column":85}},"23":{"start":{"line":24,"column":0},"end":{"line":24,"column":35}},"24":{"start":{"line":25,"column":0},"end":{"line":25,"column":38}},"25":{"start":{"line":26,"column":0},"end":{"line":26,"column":55}},"26":{"start":{"line":27,"column":0},"end":{"line":27,"column":17}},"28":{"start":{"line":29,"column":0},"end":{"line":29,"column":23}},"29":{"start":{"line":30,"column":0},"end":{"line":30,"column":105}},"30":{"start":{"line":31,"column":0},"end":{"line":31,"column":23}},"31":{"start":{"line":32,"column":0},"end":{"line":32,"column":15}},"33":{"start":{"line":34,"column":0},"end":{"line":34,"column":57}},"35":{"start":{"line":36,"column":0},"end":{"line":36,"column":17}},"36":{"start":{"line":37,"column":0},"end":{"line":37,"column":224}},"37":{"start":{"line":38,"column":0},"end":{"line":38,"column":42}},"38":{"start":{"line":39,"column":0},"end":{"line":39,"column":45}},"39":{"start":{"line":40,"column":0},"end":{"line":40,"column":41}},"40":{"start":{"line":41,"column":0},"end":{"line":41,"column":116}},"41":{"start":{"line":42,"column":0},"end":{"line":42,"column":69}},"42":{"start":{"line":43,"column":0},"end":{"line":43,"column":19}},"44":{"start":{"line":45,"column":0},"end":{"line":45,"column":183}},"46":{"start":{"line":47,"column":0},"end":{"line":47,"column":16}},"47":{"start":{"line":48,"column":0},"end":{"line":48,"column":14}},"48":{"start":{"line":49,"column":0},"end":{"line":49,"column":12}},"49":{"start":{"line":50,"column":0},"end":{"line":50,"column":13}},"51":{"start":{"line":52,"column":0},"end":{"line":52,"column":2}},"53":{"start":{"line":54,"column":0},"end":{"line":54,"column":22}}},"s":{"0":1,"1":1,"10":1,"11":25,"12":25,"13":25,"14":25,"15":25,"16":25,"17":25,"18":25,"19":25,"21":25,"22":25,"23":25,"24":25,"25":25,"26":25,"28":25,"29":25,"30":25,"31":25,"33":25,"35":25,"36":25,"37":25,"38":25,"39":25,"40":25,"41":25,"42":25,"44":25,"46":25,"47":25,"48":25,"49":25,"51":25,"53":1},"branchMap":{"0":{"type":"branch","line":11,"loc":{"start":{"line":11,"column":15},"end":{"line":52,"column":2}},"locations":[{"start":{"line":11,"column":15},"end":{"line":52,"column":2}}]}},"b":{"0":[25]},"fnMap":{"0":{"name":"Header","decl":{"start":{"line":11,"column":15},"end":{"line":52,"column":2}},"loc":{"start":{"line":11,"column":15},"end":{"line":52,"column":2}},"line":11}},"f":{"0":25}}
,"/Users/nicolas/DEV/openclassroom/wealth_health/wealth_health_front/src/components/Layout.tsx": {"path":"/Users/nicolas/DEV/openclassroom/wealth_health/wealth_health_front/src/components/Layout.tsx","all":false,"statementMap":{"0":{"start":{"line":1,"column":0},"end":{"line":1,"column":62}},"1":{"start":{"line":2,"column":0},"end":{"line":2,"column":47}},"2":{"start":{"line":3,"column":0},"end":{"line":3,"column":32}},"3":{"start":{"line":4,"column":0},"end":{"line":4,"column":30}},"14":{"start":{"line":15,"column":0},"end":{"line":15,"column":68}},"15":{"start":{"line":16,"column":0},"end":{"line":16,"column":36}},"16":{"start":{"line":17,"column":0},"end":{"line":17,"column":56}},"18":{"start":{"line":19,"column":0},"end":{"line":19,"column":38}},"19":{"start":{"line":20,"column":0},"end":{"line":20,"column":57}},"20":{"start":{"line":21,"column":0},"end":{"line":21,"column":33}},"21":{"start":{"line":22,"column":0},"end":{"line":22,"column":4}},"24":{"start":{"line":25,"column":0},"end":{"line":25,"column":19}},"25":{"start":{"line":26,"column":0},"end":{"line":26,"column":29}},"26":{"start":{"line":27,"column":0},"end":{"line":27,"column":49}},"27":{"start":{"line":28,"column":0},"end":{"line":28,"column":52}},"28":{"start":{"line":29,"column":0},"end":{"line":29,"column":6}},"29":{"start":{"line":30,"column":0},"end":{"line":30,"column":54}},"30":{"start":{"line":31,"column":0},"end":{"line":31,"column":70}},"31":{"start":{"line":32,"column":0},"end":{"line":32,"column":20}},"33":{"start":{"line":34,"column":0},"end":{"line":34,"column":10}},"34":{"start":{"line":35,"column":0},"end":{"line":35,"column":50}},"36":{"start":{"line":37,"column":0},"end":{"line":37,"column":23}},"37":{"start":{"line":38,"column":0},"end":{"line":38,"column":12}},"38":{"start":{"line":39,"column":0},"end":{"line":39,"column":99}},"39":{"start":{"line":40,"column":0},"end":{"line":40,"column":56}},"40":{"start":{"line":41,"column":0},"end":{"line":41,"column":47}},"41":{"start":{"line":42,"column":0},"end":{"line":42,"column":10}},"44":{"start":{"line":45,"column":0},"end":{"line":45,"column":14}},"45":{"start":{"line":46,"column":0},"end":{"line":46,"column":33}},"46":{"start":{"line":47,"column":0},"end":{"line":47,"column":52}},"47":{"start":{"line":48,"column":0},"end":{"line":48,"column":8}},"49":{"start":{"line":50,"column":0},"end":{"line":50,"column":58}},"50":{"start":{"line":51,"column":0},"end":{"line":51,"column":15}},"51":{"start":{"line":52,"column":0},"end":{"line":52,"column":31}},"52":{"start":{"line":53,"column":0},"end":{"line":53,"column":65}},"53":{"start":{"line":54,"column":0},"end":{"line":54,"column":53}},"54":{"start":{"line":55,"column":0},"end":{"line":55,"column":34}},"55":{"start":{"line":56,"column":0},"end":{"line":56,"column":10}},"57":{"start":{"line":58,"column":0},"end":{"line":58,"column":88}},"58":{"start":{"line":59,"column":0},"end":{"line":59,"column":20}},"59":{"start":{"line":60,"column":0},"end":{"line":60,"column":15}},"60":{"start":{"line":61,"column":0},"end":{"line":61,"column":12}},"61":{"start":{"line":62,"column":0},"end":{"line":62,"column":10}},"63":{"start":{"line":64,"column":0},"end":{"line":64,"column":2}},"65":{"start":{"line":66,"column":0},"end":{"line":66,"column":22}}},"s":{"0":1,"1":1,"2":1,"3":1,"14":1,"15":25,"16":25,"18":25,"19":0,"20":0,"21":0,"24":25,"25":11,"26":0,"27":0,"28":0,"29":0,"30":0,"31":25,"33":25,"34":25,"36":25,"37":0,"38":0,"39":0,"40":0,"41":0,"44":25,"45":25,"46":25,"47":25,"49":25,"50":25,"51":25,"52":25,"53":25,"54":25,"55":25,"57":25,"58":25,"59":25,"60":25,"61":25,"63":25,"65":1},"branchMap":{"0":{"type":"branch","line":15,"loc":{"start":{"line":15,"column":38},"end":{"line":64,"column":2}},"locations":[{"start":{"line":15,"column":38},"end":{"line":64,"column":2}}]},"1":{"type":"branch","line":37,"loc":{"start":{"line":37,"column":7},"end":{"line":42,"column":10}},"locations":[{"start":{"line":37,"column":7},"end":{"line":42,"column":10}}]},"2":{"type":"branch","line":25,"loc":{"start":{"line":25,"column":12},"end":{"line":32,"column":5}},"locations":[{"start":{"line":25,"column":12},"end":{"line":32,"column":5}}]},"3":{"type":"branch","line":26,"loc":{"start":{"line":26,"column":22},"end":{"line":31,"column":70}},"locations":[{"start":{"line":26,"column":22},"end":{"line":31,"column":70}}]}},"b":{"0":[25],"1":[0],"2":[11],"3":[0]},"fnMap":{"0":{"name":"Layout","decl":{"start":{"line":15,"column":38},"end":{"line":64,"column":2}},"loc":{"start":{"line":15,"column":38},"end":{"line":64,"column":2}},"line":15},"1":{"name":"handleLanguageChange","decl":{"start":{"line":19,"column":31},"end":{"line":22,"column":4}},"loc":{"start":{"line":19,"column":31},"end":{"line":22,"column":4}},"line":19},"2":{"name":"handleKeyDown","decl":{"start":{"line":27,"column":26},"end":{"line":29,"column":6}},"loc":{"start":{"line":27,"column":26},"end":{"line":29,"column":6}},"line":27},"3":{"name":"onClick","decl":{"start":{"line":41,"column":19},"end":{"line":41,"column":47}},"loc":{"start":{"line":41,"column":19},"end":{"line":41,"column":47}},"line":41},"4":{"name":"onCloseSidebar","decl":{"start":{"line":47,"column":24},"end":{"line":47,"column":52}},"loc":{"start":{"line":47,"column":24},"end":{"line":47,"column":52}},"line":47},"5":{"name":"onSidebarToggle","decl":{"start":{"line":53,"column":27},"end":{"line":53,"column":65}},"loc":{"start":{"line":53,"column":27},"end":{"line":53,"column":65}},"line":53}},"f":{"0":25,"1":0,"2":0,"3":0,"4":0,"5":0}}
,"/Users/nicolas/DEV/openclassroom/wealth_health/wealth_health_front/src/components/LoadingSpinner.tsx": {"path":"/Users/nicolas/DEV/openclassroom/wealth_health/wealth_health_front/src/components/LoadingSpinner.tsx","all":true,"statementMap":{"6":{"start":{"line":7,"column":0},"end":{"line":7,"column":79}},"7":{"start":{"line":8,"column":0},"end":{"line":8,"column":10}},"8":{"start":{"line":9,"column":0},"end":{"line":9,"column":8}},"9":{"start":{"line":10,"column":0},"end":{"line":10,"column":79}},"10":{"start":{"line":11,"column":0},"end":{"line":11,"column":105}},"11":{"start":{"line":12,"column":0},"end":{"line":12,"column":10}},"13":{"start":{"line":14,"column":0},"end":{"line":14,"column":2}},"15":{"start":{"line":16,"column":0},"end":{"line":16,"column":30}}},"s":{"6":0,"7":0,"8":0,"9":0,"10":0,"11":0,"13":0,"15":0},"branchMap":{"0":{"type":"branch","line":1,"loc":{"start":{"line":1,"column":421},"end":{"line":16,"column":30}},"locations":[{"start":{"line":1,"column":421},"end":{"line":16,"column":30}}]}},"b":{"0":[1]},"fnMap":{"0":{"name":"(empty-report)","decl":{"start":{"line":1,"column":421},"end":{"line":16,"column":30}},"loc":{"start":{"line":1,"column":421},"end":{"line":16,"column":30}},"line":1}},"f":{"0":1}}
,"/Users/nicolas/DEV/openclassroom/wealth_health/wealth_health_front/src/components/Modal.tsx": {"path":"/Users/nicolas/DEV/openclassroom/wealth_health/wealth_health_front/src/components/Modal.tsx","all":false,"statementMap":{"1":{"start":{"line":2,"column":0},"end":{"line":2,"column":67}},"11":{"start":{"line":12,"column":0},"end":{"line":12,"column":69}},"12":{"start":{"line":13,"column":0},"end":{"line":13,"column":10}},"13":{"start":{"line":14,"column":0},"end":{"line":14,"column":24}},"14":{"start":{"line":15,"column":0},"end":{"line":15,"column":21}},"15":{"start":{"line":16,"column":0},"end":{"line":16,"column":23}},"16":{"start":{"line":17,"column":0},"end":{"line":17,"column":22}},"17":{"start":{"line":18,"column":0},"end":{"line":18,"column":132}},"18":{"start":{"line":19,"column":0},"end":{"line":19,"column":185}},"21":{"start":{"line":22,"column":0},"end":{"line":22,"column":17}},"22":{"start":{"line":23,"column":0},"end":{"line":23,"column":70}},"23":{"start":{"line":24,"column":0},"end":{"line":24,"column":17}},"24":{"start":{"line":25,"column":0},"end":{"line":25,"column":13}},"26":{"start":{"line":27,"column":0},"end":{"line":27,"column":16}},"27":{"start":{"line":28,"column":0},"end":{"line":28,"column":26}},"29":{"start":{"line":30,"column":0},"end":{"line":30,"column":2}},"31":{"start":{"line":32,"column":0},"end":{"line":32,"column":21}}},"s":{"1":1,"11":1,"12":12,"13":12,"14":12,"15":12,"16":12,"17":12,"18":12,"21":12,"22":12,"23":12,"24":12,"26":12,"27":12,"29":12,"31":1},"branchMap":{"0":{"type":"branch","line":12,"loc":{"start":{"line":12,"column":14},"end":{"line":30,"column":2}},"locations":[{"start":{"line":12,"column":14},"end":{"line":30,"column":2}}]}},"b":{"0":[12]},"fnMap":{"0":{"name":"Modal","decl":{"start":{"line":12,"column":14},"end":{"line":30,"column":2}},"loc":{"start":{"line":12,"column":14},"end":{"line":30,"column":2}},"line":12}},"f":{"0":12}}
,"/Users/nicolas/DEV/openclassroom/wealth_health/wealth_health_front/src/components/Pagination.tsx": {"path":"/Users/nicolas/DEV/openclassroom/wealth_health/wealth_health_front/src/components/Pagination.tsx","all":false,"statementMap":{"1":{"start":{"line":2,"column":0},"end":{"line":2,"column":30}},"2":{"start":{"line":3,"column":0},"end":{"line":3,"column":47}},"18":{"start":{"line":19,"column":0},"end":{"line":19,"column":48}},"19":{"start":{"line":20,"column":0},"end":{"line":20,"column":14}},"20":{"start":{"line":21,"column":0},"end":{"line":21,"column":13}},"21":{"start":{"line":22,"column":0},"end":{"line":22,"column":13}},"22":{"start":{"line":23,"column":0},"end":{"line":23,"column":9}},"23":{"start":{"line":24,"column":0},"end":{"line":24,"column":17}},"24":{"start":{"line":25,"column":0},"end":{"line":25,"column":19}},"25":{"start":{"line":26,"column":0},"end":{"line":26,"column":19}},"26":{"start":{"line":27,"column":0},"end":{"line":27,"column":7}},"27":{"start":{"line":28,"column":0},"end":{"line":28,"column":33}},"28":{"start":{"line":29,"column":0},"end":{"line":29,"column":17}},"29":{"start":{"line":30,"column":0},"end":{"line":30,"column":12}},"30":{"start":{"line":31,"column":0},"end":{"line":31,"column":10}},"31":{"start":{"line":32,"column":0},"end":{"line":32,"column":120}},"32":{"start":{"line":33,"column":0},"end":{"line":33,"column":43}},"33":{"start":{"line":34,"column":0},"end":{"line":34,"column":52}},"34":{"start":{"line":35,"column":0},"end":{"line":35,"column":17}},"35":{"start":{"line":36,"column":0},"end":{"line":36,"column":31}},"36":{"start":{"line":37,"column":0},"end":{"line":37,"column":32}},"37":{"start":{"line":38,"column":0},"end":{"line":38,"column":51}},"38":{"start":{"line":39,"column":0},"end":{"line":39,"column":40}},"39":{"start":{"line":40,"column":0},"end":{"line":40,"column":31}},"40":{"start":{"line":41,"column":0},"end":{"line":41,"column":55}},"41":{"start":{"line":42,"column":0},"end":{"line":42,"column":19}},"42":{"start":{"line":43,"column":0},"end":{"line":43,"column":17}},"43":{"start":{"line":44,"column":0},"end":{"line":44,"column":31}},"44":{"start":{"line":45,"column":0},"end":{"line":45,"column":28}},"45":{"start":{"line":46,"column":0},"end":{"line":46,"column":60}},"46":{"start":{"line":47,"column":0},"end":{"line":47,"column":38}},"47":{"start":{"line":48,"column":0},"end":{"line":48,"column":31}},"48":{"start":{"line":49,"column":0},"end":{"line":49,"column":51}},"49":{"start":{"line":50,"column":0},"end":{"line":50,"column":19}},"50":{"start":{"line":51,"column":0},"end":{"line":51,"column":14}},"51":{"start":{"line":52,"column":0},"end":{"line":52,"column":12}},"53":{"start":{"line":54,"column":0},"end":{"line":54,"column":3}},"54":{"start":{"line":55,"column":0},"end":{"line":55,"column":10}},"55":{"start":{"line":56,"column":0},"end":{"line":56,"column":8}},"56":{"start":{"line":57,"column":0},"end":{"line":57,"column":125}},"57":{"start":{"line":58,"column":0},"end":{"line":58,"column":41}},"58":{"start":{"line":59,"column":0},"end":{"line":59,"column":46}},"59":{"start":{"line":60,"column":0},"end":{"line":60,"column":41}},"60":{"start":{"line":61,"column":0},"end":{"line":61,"column":13}},"61":{"start":{"line":62,"column":0},"end":{"line":62,"column":34}},"62":{"start":{"line":63,"column":0},"end":{"line":63,"column":15}},"63":{"start":{"line":64,"column":0},"end":{"line":64,"column":29}},"64":{"start":{"line":65,"column":0},"end":{"line":65,"column":30}},"65":{"start":{"line":66,"column":0},"end":{"line":66,"column":49}},"66":{"start":{"line":67,"column":0},"end":{"line":67,"column":39}},"67":{"start":{"line":68,"column":0},"end":{"line":68,"column":53}},"68":{"start":{"line":69,"column":0},"end":{"line":69,"column":17}},"69":{"start":{"line":70,"column":0},"end":{"line":70,"column":15}},"70":{"start":{"line":71,"column":0},"end":{"line":71,"column":29}},"71":{"start":{"line":72,"column":0},"end":{"line":72,"column":26}},"72":{"start":{"line":73,"column":0},"end":{"line":73,"column":58}},"73":{"start":{"line":74,"column":0},"end":{"line":74,"column":37}},"74":{"start":{"line":75,"column":0},"end":{"line":75,"column":49}},"75":{"start":{"line":76,"column":0},"end":{"line":76,"column":17}},"76":{"start":{"line":77,"column":0},"end":{"line":77,"column":12}},"77":{"start":{"line":78,"column":0},"end":{"line":78,"column":10}},"79":{"start":{"line":80,"column":0},"end":{"line":80,"column":2}},"81":{"start":{"line":82,"column":0},"end":{"line":82,"column":26}}},"s":{"1":1,"2":1,"18":1,"19":18,"20":18,"21":18,"22":18,"23":18,"24":18,"25":18,"26":18,"27":18,"28":18,"29":5,"30":5,"31":5,"32":5,"33":5,"34":5,"35":5,"36":5,"37":5,"38":5,"39":5,"40":5,"41":5,"42":5,"43":5,"44":5,"45":5,"46":5,"47":5,"48":5,"49":5,"50":5,"51":5,"53":5,"54":13,"55":13,"56":13,"57":13,"58":13,"59":13,"60":13,"61":13,"62":13,"63":13,"64":13,"65":13,"66":18,"67":18,"68":18,"69":18,"70":18,"71":18,"72":18,"73":18,"74":18,"75":18,"76":18,"77":18,"79":18,"81":1},"branchMap":{"0":{"type":"branch","line":19,"loc":{"start":{"line":19,"column":46},"end":{"line":80,"column":2}},"locations":[{"start":{"line":19,"column":46},"end":{"line":80,"column":2}}]},"1":{"type":"branch","line":29,"loc":{"start":{"line":29,"column":16},"end":{"line":54,"column":3}},"locations":[{"start":{"line":29,"column":16},"end":{"line":54,"column":3}}]},"2":{"type":"branch","line":38,"loc":{"start":{"line":38,"column":22},"end":{"line":38,"column":51}},"locations":[{"start":{"line":38,"column":22},"end":{"line":38,"column":51}}]},"3":{"type":"branch","line":46,"loc":{"start":{"line":46,"column":22},"end":{"line":46,"column":60}},"locations":[{"start":{"line":46,"column":22},"end":{"line":46,"column":60}}]},"4":{"type":"branch","line":54,"loc":{"start":{"line":54,"column":2},"end":{"line":66,"column":49}},"locations":[{"start":{"line":54,"column":2},"end":{"line":66,"column":49}}]},"5":{"type":"branch","line":73,"loc":{"start":{"line":73,"column":20},"end":{"line":73,"column":58}},"locations":[{"start":{"line":73,"column":20},"end":{"line":73,"column":58}}]}},"b":{"0":[18],"1":[5],"2":[4],"3":[4],"4":[13],"5":[13]},"fnMap":{"0":{"name":"Pagination","decl":{"start":{"line":19,"column":46},"end":{"line":80,"column":2}},"loc":{"start":{"line":19,"column":46},"end":{"line":80,"column":2}},"line":19}},"f":{"0":18}}
,"/Users/nicolas/DEV/openclassroom/wealth_health/wealth_health_front/src/components/SideBar.tsx": {"path":"/Users/nicolas/DEV/openclassroom/wealth_health/wealth_health_front/src/components/SideBar.tsx","all":false,"statementMap":{"0":{"start":{"line":1,"column":0},"end":{"line":1,"column":43}},"1":{"start":{"line":2,"column":0},"end":{"line":2,"column":49}},"2":{"start":{"line":3,"column":0},"end":{"line":3,"column":47}},"9":{"start":{"line":10,"column":0},"end":{"line":10,"column":68}},"10":{"start":{"line":11,"column":0},"end":{"line":11,"column":33}},"13":{"start":{"line":14,"column":0},"end":{"line":14,"column":42}},"15":{"start":{"line":16,"column":0},"end":{"line":16,"column":23}},"16":{"start":{"line":17,"column":0},"end":{"line":17,"column":44}},"17":{"start":{"line":18,"column":0},"end":{"line":18,"column":43}},"18":{"start":{"line":19,"column":0},"end":{"line":19,"column":42}},"19":{"start":{"line":20,"column":0},"end":{"line":20,"column":5}},"20":{"start":{"line":21,"column":0},"end":{"line":21,"column":4}},"23":{"start":{"line":24,"column":0},"end":{"line":24,"column":32}},"24":{"start":{"line":25,"column":0},"end":{"line":25,"column":50}},"25":{"start":{"line":26,"column":0},"end":{"line":26,"column":4}},"27":{"start":{"line":28,"column":0},"end":{"line":28,"column":10}},"28":{"start":{"line":29,"column":0},"end":{"line":29,"column":10}},"29":{"start":{"line":30,"column":0},"end":{"line":30,"column":94}},"31":{"start":{"line":32,"column":0},"end":{"line":32,"column":62}},"33":{"start":{"line":34,"column":0},"end":{"line":34,"column":27}},"34":{"start":{"line":35,"column":0},"end":{"line":35,"column":54}},"35":{"start":{"line":36,"column":0},"end":{"line":36,"column":48}},"36":{"start":{"line":37,"column":0},"end":{"line":37,"column":75}},"37":{"start":{"line":38,"column":0},"end":{"line":38,"column":14}},"38":{"start":{"line":39,"column":0},"end":{"line":39,"column":42}},"39":{"start":{"line":40,"column":0},"end":{"line":40,"column":18}},"40":{"start":{"line":41,"column":0},"end":{"line":41,"column":18}},"41":{"start":{"line":42,"column":0},"end":{"line":42,"column":36}},"42":{"start":{"line":43,"column":0},"end":{"line":43,"column":50}},"43":{"start":{"line":44,"column":0},"end":{"line":44,"column":40}},"44":{"start":{"line":45,"column":0},"end":{"line":45,"column":126}},"45":{"start":{"line":46,"column":0},"end":{"line":46,"column":77}},"46":{"start":{"line":47,"column":0},"end":{"line":47,"column":16}},"48":{"start":{"line":49,"column":0},"end":{"line":49,"column":47}},"49":{"start":{"line":50,"column":0},"end":{"line":50,"column":31}},"50":{"start":{"line":51,"column":0},"end":{"line":51,"column":20}},"51":{"start":{"line":52,"column":0},"end":{"line":52,"column":18}},"52":{"start":{"line":53,"column":0},"end":{"line":53,"column":31}},"53":{"start":{"line":54,"column":0},"end":{"line":54,"column":36}},"54":{"start":{"line":55,"column":0},"end":{"line":55,"column":63}},"55":{"start":{"line":56,"column":0},"end":{"line":56,"column":40}},"56":{"start":{"line":57,"column":0},"end":{"line":57,"column":126}},"57":{"start":{"line":58,"column":0},"end":{"line":58,"column":77}},"58":{"start":{"line":59,"column":0},"end":{"line":59,"column":16}},"60":{"start":{"line":61,"column":0},"end":{"line":61,"column":48}},"61":{"start":{"line":62,"column":0},"end":{"line":62,"column":39}},"62":{"start":{"line":63,"column":0},"end":{"line":63,"column":20}},"63":{"start":{"line":64,"column":0},"end":{"line":64,"column":14}},"64":{"start":{"line":65,"column":0},"end":{"line":65,"column":12}},"65":{"start":{"line":66,"column":0},"end":{"line":66,"column":12}},"67":{"start":{"line":68,"column":0},"end":{"line":68,"column":2}},"69":{"start":{"line":70,"column":0},"end":{"line":70,"column":23}}},"s":{"0":1,"1":1,"2":1,"9":1,"10":25,"13":25,"15":0,"16":0,"17":0,"18":0,"19":0,"20":0,"23":25,"24":0,"25":0,"27":25,"28":25,"29":25,"31":25,"33":25,"34":25,"35":25,"36":25,"37":25,"38":25,"39":25,"40":25,"41":25,"42":25,"43":25,"44":12,"45":12,"46":12,"48":25,"49":25,"50":25,"51":25,"52":25,"53":25,"54":25,"55":25,"56":12,"57":12,"58":12,"60":25,"61":25,"62":25,"63":25,"64":25,"65":25,"67":25,"69":1},"branchMap":{"0":{"type":"branch","line":10,"loc":{"start":{"line":10,"column":16},"end":{"line":68,"column":2}},"locations":[{"start":{"line":10,"column":16},"end":{"line":68,"column":2}}]},"1":{"type":"branch","line":32,"loc":{"start":{"line":32,"column":10},"end":{"line":32,"column":42}},"locations":[{"start":{"line":32,"column":10},"end":{"line":32,"column":42}}]},"2":{"type":"branch","line":44,"loc":{"start":{"line":44,"column":23},"end":{"line":47,"column":16}},"locations":[{"start":{"line":44,"column":23},"end":{"line":47,"column":16}}]},"3":{"type":"branch","line":46,"loc":{"start":{"line":46,"column":27},"end":{"line":46,"column":77}},"locations":[{"start":{"line":46,"column":27},"end":{"line":46,"column":77}}]},"4":{"type":"branch","line":56,"loc":{"start":{"line":56,"column":23},"end":{"line":59,"column":16}},"locations":[{"start":{"line":56,"column":23},"end":{"line":59,"column":16}}]},"5":{"type":"branch","line":58,"loc":{"start":{"line":58,"column":16},"end":{"line":58,"column":75}},"locations":[{"start":{"line":58,"column":16},"end":{"line":58,"column":75}}]}},"b":{"0":[25],"1":[0],"2":[12],"3":[0],"4":[12],"5":[0]},"fnMap":{"0":{"name":"SideBar","decl":{"start":{"line":10,"column":16},"end":{"line":68,"column":2}},"loc":{"start":{"line":10,"column":16},"end":{"line":68,"column":2}},"line":10},"1":{"name":"prefetchPage","decl":{"start":{"line":14,"column":23},"end":{"line":21,"column":4}},"loc":{"start":{"line":14,"column":23},"end":{"line":21,"column":4}},"line":14},"2":{"name":"handleNavClick","decl":{"start":{"line":24,"column":25},"end":{"line":26,"column":4}},"loc":{"start":{"line":24,"column":25},"end":{"line":26,"column":4}},"line":24},"3":{"name":"onMouseEnter","decl":{"start":{"line":43,"column":26},"end":{"line":43,"column":50}},"loc":{"start":{"line":43,"column":26},"end":{"line":43,"column":50}},"line":43},"4":{"name":"className","decl":{"start":{"line":44,"column":23},"end":{"line":47,"column":16}},"loc":{"start":{"line":44,"column":23},"end":{"line":47,"column":16}},"line":44},"5":{"name":"onMouseEnter","decl":{"start":{"line":55,"column":26},"end":{"line":55,"column":63}},"loc":{"start":{"line":55,"column":26},"end":{"line":55,"column":63}},"line":55},"6":{"name":"className","decl":{"start":{"line":56,"column":23},"end":{"line":59,"column":16}},"loc":{"start":{"line":56,"column":23},"end":{"line":59,"column":16}},"line":56}},"f":{"0":25,"1":0,"2":0,"3":0,"4":12,"
[...]
rt":{"line":76,"column":0},"end":{"line":76,"column":7}},"76":{"start":{"line":77,"column":0},"end":{"line":77,"column":39}},"77":{"start":{"line":78,"column":0},"end":{"line":78,"column":47}},"78":{"start":{"line":79,"column":0},"end":{"line":79,"column":7}},"79":{"start":{"line":80,"column":0},"end":{"line":80,"column":40}},"80":{"start":{"line":81,"column":0},"end":{"line":81,"column":48}},"81":{"start":{"line":82,"column":0},"end":{"line":82,"column":7}},"82":{"start":{"line":83,"column":0},"end":{"line":83,"column":41}},"83":{"start":{"line":84,"column":0},"end":{"line":84,"column":49}},"84":{"start":{"line":85,"column":0},"end":{"line":85,"column":7}},"85":{"start":{"line":86,"column":0},"end":{"line":86,"column":42}},"86":{"start":{"line":87,"column":0},"end":{"line":87,"column":50}},"87":{"start":{"line":88,"column":0},"end":{"line":88,"column":7}},"88":{"start":{"line":89,"column":0},"end":{"line":89,"column":80}},"89":{"start":{"line":90,"column":0},"end":{"line":90,"column":76}},"90":{"start":{"line":91,"column":0},"end":{"line":91,"column":78}},"91":{"start":{"line":92,"column":0},"end":{"line":92,"column":38}},"92":{"start":{"line":93,"column":0},"end":{"line":93,"column":46}},"93":{"start":{"line":94,"column":0},"end":{"line":94,"column":7}},"94":{"start":{"line":95,"column":0},"end":{"line":95,"column":4}},"96":{"start":{"line":97,"column":0},"end":{"line":97,"column":31}},"97":{"start":{"line":98,"column":0},"end":{"line":98,"column":9}},"98":{"start":{"line":99,"column":0},"end":{"line":99,"column":12}},"99":{"start":{"line":100,"column":0},"end":{"line":100,"column":49}},"100":{"start":{"line":101,"column":0},"end":{"line":101,"column":32}},"101":{"start":{"line":102,"column":0},"end":{"line":102,"column":42}},"102":{"start":{"line":103,"column":0},"end":{"line":103,"column":38}},"103":{"start":{"line":104,"column":0},"end":{"line":104,"column":39}},"104":{"start":{"line":105,"column":0},"end":{"line":105,"column":43}},"105":{"start":{"line":106,"column":0},"end":{"line":106,"column":51}},"106":{"start":{"line":107,"column":0},"end":{"line":107,"column":47}},"107":{"start":{"line":108,"column":0},"end":{"line":108,"column":54}},"109":{"start":{"line":110,"column":0},"end":{"line":110,"column":45}},"110":{"start":{"line":111,"column":0},"end":{"line":111,"column":37}},"111":{"start":{"line":112,"column":0},"end":{"line":112,"column":24}},"112":{"start":{"line":113,"column":0},"end":{"line":113,"column":54}},"113":{"start":{"line":114,"column":0},"end":{"line":114,"column":8}},"114":{"start":{"line":115,"column":0},"end":{"line":115,"column":6}},"115":{"start":{"line":116,"column":0},"end":{"line":116,"column":22}},"116":{"start":{"line":117,"column":0},"end":{"line":117,"column":5}},"118":{"start":{"line":119,"column":0},"end":{"line":119,"column":36}},"120":{"start":{"line":121,"column":0},"end":{"line":121,"column":10}},"121":{"start":{"line":122,"column":0},"end":{"line":122,"column":48}},"123":{"start":{"line":124,"column":0},"end":{"line":124,"column":95}},"124":{"start":{"line":125,"column":0},"end":{"line":125,"column":61}},"125":{"start":{"line":126,"column":0},"end":{"line":126,"column":35}},"126":{"start":{"line":127,"column":0},"end":{"line":127,"column":13}},"128":{"start":{"line":129,"column":0},"end":{"line":129,"column":88}},"129":{"start":{"line":130,"column":0},"end":{"line":130,"column":57}},"130":{"start":{"line":131,"column":0},"end":{"line":131,"column":39}},"131":{"start":{"line":132,"column":0},"end":{"line":132,"column":17}},"132":{"start":{"line":133,"column":0},"end":{"line":133,"column":14}},"133":{"start":{"line":134,"column":0},"end":{"line":134,"column":15}},"134":{"start":{"line":135,"column":0},"end":{"line":135,"column":26}},"136":{"start":{"line":137,"column":0},"end":{"line":137,"column":12}},"137":{"start":{"line":138,"column":0},"end":{"line":138,"column":39}},"138":{"start":{"line":139,"column":0},"end":{"line":139,"column":52}},"139":{"start":{"line":140,"column":0},"end":{"line":140,"column":17}},"140":{"start":{"line":141,"column":0},"end":{"line":141,"column":12}},"142":{"start":{"line":143,"column":0},"end":{"line":143,"column":79}},"143":{"start":{"line":144,"column":0},"end":{"line":144,"column":49}},"144":{"start":{"line":145,"column":0},"end":{"line":145,"column":60}},"146":{"start":{"line":147,"column":0},"end":{"line":147,"column":18}},"147":{"start":{"line":148,"column":0},"end":{"line":148,"column":16}},"148":{"start":{"line":149,"column":0},"end":{"line":149,"column":23}},"149":{"start":{"line":150,"column":0},"end":{"line":150,"column":29}},"150":{"start":{"line":151,"column":0},"end":{"line":151,"column":31}},"151":{"start":{"line":152,"column":0},"end":{"line":152,"column":60}},"152":{"start":{"line":153,"column":0},"end":{"line":153,"column":191}},"153":{"start":{"line":154,"column":0},"end":{"line":154,"column":61}},"154":{"start":{"line":155,"column":0},"end":{"line":155,"column":12}},"156":{"start":{"line":157,"column":0},"end":{"line":157,"column":27}},"157":{"start":{"line":158,"column":0},"end":{"line":158,"column":19}},"158":{"start":{"line":159,"column":0},"end":{"line":159,"column":48}},"159":{"start":{"line":160,"column":0},"end":{"line":160,"column":128}},"160":{"start":{"line":161,"column":0},"end":{"line":161,"column":40}},"162":{"start":{"line":163,"column":0},"end":{"line":163,"column":21}},"164":{"start":{"line":165,"column":0},"end":{"line":165,"column":96}},"165":{"start":{"line":166,"column":0},"end":{"line":166,"column":16}},"166":{"start":{"line":167,"column":0},"end":{"line":167,"column":47}},"167":{"start":{"line":168,"column":0},"end":{"line":168,"column":48}},"168":{"start":{"line":169,"column":0},"end":{"line":169,"column":25}},"169":{"start":{"line":170,"column":0},"end":{"line":170,"column":33}},"170":{"start":{"line":171,"column":0},"end":{"line":171,"column":36}},"171":{"start":{"line":172,"column":0},"end":{"line":172,"column":19}},"172":{"start":{"line":173,"column":0},"end":{"line":173,"column":37}},"173":{"start":{"line":174,"column":0},"end":{"line":174,"column":38}},"174":{"start":{"line":175,"column":0},"end":{"line":175,"column":31}},"175":{"start":{"line":176,"column":0},"end":{"line":176,"column":63}},"176":{"start":{"line":177,"column":0},"end":{"line":177,"column":16}},"177":{"start":{"line":178,"column":0},"end":{"line":178,"column":18}},"178":{"start":{"line":179,"column":0},"end":{"line":179,"column":16}},"179":{"start":{"line":180,"column":0},"end":{"line":180,"column":14}},"180":{"start":{"line":181,"column":0},"end":{"line":181,"column":12}},"182":{"start":{"line":183,"column":0},"end":{"line":183,"column":19}},"183":{"start":{"line":184,"column":0},"end":{"line":184,"column":25}},"184":{"start":{"line":185,"column":0},"end":{"line":185,"column":41}},"185":{"start":{"line":186,"column":0},"end":{"line":186,"column":22}},"186":{"start":{"line":187,"column":0},"end":{"line":187,"column":49}},"187":{"start":{"line":188,"column":0},"end":{"line":188,"column":54}},"189":{"start":{"line":190,"column":0},"end":{"line":190,"column":10}},"191":{"start":{"line":192,"column":0},"end":{"line":192,"column":73}},"194":{"start":{"line":195,"column":0},"end":{"line":195,"column":19}},"195":{"start":{"line":196,"column":0},"end":{"line":196,"column":10}},"197":{"start":{"line":198,"column":0},"end":{"line":198,"column":35}},"198":{"start":{"line":199,"column":0},"end":{"line":199,"column":81}},"199":{"start":{"line":200,"column":0},"end":{"line":200,"column":23}},"200":{"start":{"line":201,"column":0},"end":{"line":201,"column":52}},"201":{"start":{"line":202,"column":0},"end":{"line":202,"column":47}},"202":{"start":{"line":203,"column":0},"end":{"line":203,"column":53}},"203":{"start":{"line":204,"column":0},"end":{"line":204,"column":45}},"204":{"start":{"line":205,"column":0},"end":{"line":205,"column":51}},"205":{"start":{"line":206,"column":0},"end":{"line":206,"column":33}},"206":{"start":{"line":207,"column":0},"end":{"line":207,"column":14}},"207":{"start":{"line":208,"column":0},"end":{"line":208,"column":16}},"208":{"start":{"line":209,"column":0},"end":{"line":209,"column":11}},"210":{"start":{"line":211,"column":0},"end":{"line":211,"column":57}},"211":{"start":{"line":212,"column":0},"end":{"line":212,"column":21}},"212":{"start":{"line":213,"column":0},"end":{"line":213,"column":50}},"213":{"start":{"line":214,"column":0},"end":{"line":214,"column":45}},"214":{"start":{"line":215,"column":0},"end":{"line":215,"column":51}},"215":{"start":{"line":216,"column":0},"end":{"line":216,"column":43}},"216":{"start":{"line":217,"column":0},"end":{"line":217,"column":49}},"217":{"start":{"line":218,"column":0},"end":{"line":218,"column":31}},"218":{"start":{"line":219,"column":0},"end":{"line":219,"column":12}},"219":{"start":{"line":220,"column":0},"end":{"line":220,"column":14}},"221":{"start":{"line":222,"column":0},"end":{"line":222,"column":13}},"223":{"start":{"line":224,"column":0},"end":{"line":224,"column":2}},"225":{"start":{"line":226,"column":0},"end":{"line":226,"column":32}}},"s":{"0":1,"2":1,"3":1,"14":1,"15":1,"16":1,"19":1,"20":1,"21":1,"22":1,"26":13,"27":13,"28":13,"29":9,"30":9,"31":13,"32":13,"33":13,"36":13,"37":13,"38":13,"39":13,"40":13,"41":5,"42":5,"43":5,"44":5,"45":5,"46":13,"47":13,"48":13,"50":1,"51":13,"54":13,"55":13,"56":13,"58":13,"59":13,"60":13,"62":13,"63":6,"64":13,"65":13,"66":13,"67":13,"68":13,"71":13,"72":13,"73":13,"74":13,"75":13,"76":13,"77":13,"78":13,"79":13,"80":13,"81":13,"82":13,"83":13,"84":13,"85":13,"86":13,"87":13,"88":13,"89":13,"90":13,"91":13,"92":13,"93":13,"94":13,"96":13,"97":13,"98":13,"99":13,"100":13,"101":13,"102":13,"103":13,"104":13,"105":13,"106":13,"107":13,"109":10,"110":82,"111":82,"112":82,"113":10,"114":10,"115":13,"116":13,"118":13,"120":13,"121":13,"123":13,"124":13,"125":13,"126":13,"128":13,"129":13,"130":13,"131":13,"132":13,"133":13,"134":13,"136":0,"137":13,"138":13,"139":13,"140":13,"142":13,"143":13,"144":13,"146":13,"147":13,"148":13,"149":13,"150":13,"151":13,"152":13,"153":13,"154":13,"156":13,"157":8,"158":8,"159":8,"160":8,"162":8,"164":13,"165":13,"166":13,"167":13,"168":13,"169":13,"170":13,"171":13,"172":13,"173":13,"174":13,"175":13,"176":13,"177":13,"178":13,"179":13,"180":13,"182":13,"183":2,"184":2,"185":2,"186":2,"187":2,"189":2,"191":11,"194":13,"195":2,"197":2,"198":2,"199":2,"200":2,"201":2,"202":2,"203":2,"204":2,"205":2,"206":2,"207":2,"208":2,"210":11,"211":11,"212":11,"213":11,"214":11,"215":11,"216":11,"217":11,"218":11,"219":11,"221":13,"223":13,"225":1},"branchMap":{"0":{"type":"branch","line":27,"loc":{"start":{"line":27,"column":0},"end":{"line":34,"column":1}},"locations":[{"start":{"line":27,"column":0},"end":{"line":34,"column":1}}]},"1":{"type":"branch","line":29,"loc":{"start":{"line":29,"column":12},"end":{"line":32,"column":5}},"locations":[{"start":{"line":29,"column":12},"end":{"line":32,"column":5}}]},"2":{"type":"branch","line":30,"loc":{"start":{"line":30,"column":31},"end":{"line":30,"column":63}},"locations":[{"start":{"line":30,"column":31},"end":{"line":30,"column":63}}]},"3":{"type":"branch","line":31,"loc":{"start":{"line":31,"column":11},"end":{"line":31,"column":39}},"locations":[{"start":{"line":31,"column":11},"end":{"line":31,"column":39}}]},"4":{"type":"branch","line":37,"loc":{"start":{"line":37,"column":0},"end":{"line":49,"column":1}},"locations":[{"start":{"line":37,"column":0},"end":{"line":49,"column":1}}]},"5":{"type":"branch","line":39,"loc":{"start":{"line":39,"column":57},"end":{"line":39,"column":75}},"locations":[{"start":{"line":39,"column":57},"end":{"line":39,"column":75}}]},"6":{"type":"branch","line":41,"loc":{"start":{"line":41,"column":12},"end":{"line":47,"column":5}},"locations":[{"start":{"line":41,"column":12},"end":{"line":47,"column":5}}]},"7":{"type":"branch","line":46,"loc":{"start":{"line":46,"column":11},"end":{"line":46,"column":67}},"locations":[{"start":{"line":46,"column":11},"end":{"line":46,"column":67}}]},"8":{"type":"branch","line":51,"loc":{"start":{"line":51,"column":25},"end":{"line":224,"column":2}},"locations":[{"start":{"line":51,"column":25},"end":{"line":224,"column":2}}]},"9":{"type":"branch","line":157,"loc":{"start":{"line":157,"column":11},"end":{"line":163,"column":21}},"locations":[{"start":{"line":157,"column":11},"end":{"line":163,"column":21}}]},"10":{"type":"branch","line":183,"loc":{"start":{"line":183,"column":7},"end":{"line":190,"column":10}},"locations":[{"start":{"line":183,"column":7},"end":{"line":190,"column":10}}]},"11":{"type":"branch","line":188,"loc":{"start":{"line":188,"column":13},"end":{"line":188,"column":50}},"locations":[{"start":{"line":188,"column":13},"end":{"line":188,"column":50}}]},"12":{"type":"branch","line":190,"loc":{"start":{"line":190,"column":8},"end":{"line":192,"column":73}},"locations":[{"start":{"line":190,"column":8},"end":{"line":192,"column":73}}]},"13":{"type":"branch","line":195,"loc":{"start":{"line":195,"column":7},"end":{"line":209,"column":11}},"locations":[{"start":{"line":195,"column":7},"end":{"line":209,"column":11}}]},"14":{"type":"branch","line":209,"loc":{"start":{"line":209,"column":8},"end":{"line":220,"column":14}},"locations":[{"start":{"line":209,"column":8},"end":{"line":220,"column":14}}]},"15":{"type":"branch","line":55,"loc":{"start":{"line":55,"column":32},"end":{"line":55,"column":76}},"locations":[{"start":{"line":55,"column":32},"end":{"line":55,"column":76}}]},"16":{"type":"branch","line":56,"loc":{"start":{"line":56,"column":23},"end":{"line":56,"column":40}},"locations":[{"start":{"line":56,"column":23},"end":{"line":56,"column":40}}]},"17":{"type":"branch","line":63,"loc":{"start":{"line":63,"column":12},"end":{"line":65,"column":5}},"locations":[{"start":{"line":63,"column":12},"end":{"line":65,"column":5}}]},"18":{"type":"branch","line":108,"loc":{"start":{"line":108,"column":20},"end":{"line":115,"column":6}},"locations":[{"start":{"line":108,"column":20},"end":{"line":115,"column":6}}]},"19":{"type":"branch","line":110,"loc":{"start":{"line":110,"column":36},"end":{"line":113,"column":54}},"locations":[{"start":{"line":110,"column":36},"end":{"line":113,"column":54}}]},"20":{"type":"branch","line":111,"loc":{"start":{"line":111,"column":29},"end":{"line":111,"column":36}},"locations":[{"start":{"line":111,"column":29},"end":{"line":111,"column":36}}]},"21":{"type":"branch","line":152,"loc":{"start":{"line":152,"column":22},"end":{"line":152,"column":60}},"locations":[{"start":{"line":152,"column":22},"end":{"line":152,"column":60}}]}},"b":{"0":[13],"1":[9],"2":[1],"3":[9],"4":[13],"5":[0],"6":[5],"7":[5],"8":[13],"9":[8],"10":[2],"11":[0],"12":[11],"13":[2],"14":[11],"15":[18],"16":[5],"17":[6],"18":[10],"19":[82],"20":[0],"21":[4]},"fnMap":{"0":{"name":"useDebounce","decl":{"start":{"line":27,"column":0},"end":{"line":34,"column":1}},"loc":{"start":{"line":27,"column":0},"end":{"line":34,"column":1}},"line":27},"1":{"name":"useIsMobile","decl":{"start":{"line":37,"column":0},"end":{"line":49,"column":1}},"loc":{"start":{"line":37,"column":0},"end":{"line":49,"column":1}},"line":37},"2":{"name":"handler","decl":{"start":{"line":43,"column":20},"end":{"line":43,"column":71}},"loc":{"start":{"line":43,"column":20},"end":{"line":43,"column":71}},"line":43},"3":{"name":"EmployeeListPage","decl":{"start":{"line":51,"column":25},"end":{"line":224,"column":2}},"loc":{"start":{"line":51,"column":25},"end":{"line":224,"column":2}},"line":51},"4":{"name":"globalFilterFn","decl":{"start":{"line":108,"column":20},"end":{"line":115,"column":6}},"loc":{"start":{"line":108,"column":20},"end":{"line":115,"column":6}},"line":108},"5":{"name":"onClick","decl":{"start":{"line":135,"column":19},"end":{"line":137,"column":12}},"loc":{"start":{"line":135,"column":19},"end":{"line":137,"column":12}},"line":135},"6":{"name":"onChange","decl":{"start":{"line":152,"column":22},"end":{"line":152,"column":60}},"loc":{"start":{"line":152,"column":22},"end":{"line":152,"column":60}},"line":152},"7":{"name":"onClick","decl":{"start":{"line":159,"column":23},"end":{"line":159,"column":48}},"loc":{"start":{"line":159,"column":23},"end":{"line":159,"column":48}},"line":159},"8":{"name":"onPrevious","decl":{"start":{"line":203,"column":26},"end":{"line":203,"column":53}},"loc":{"start":{"line":203,"column":26},"end":{"line":203,"column":53}},"line":203},"9":{"name":"onNext","decl":{"start":{"line":204,"column":22},"end":{"line":204,"column":45}},"loc":{"start":{"line":204,"column":22},"end":{"line":204,"column":45}},"line":204},"10":{"name":"onPrevious","decl":{"start":{"line":215,"column":24},"end":{"line":215,"column":51}},"loc":{"start":{"line":215,"column":24},"end":{"line":215,"column":51}},"line":215},"11":{"name":"onNext","decl":{"start":{"line":216,"column":20},"end":{"line":216,"column":43}},"loc":{"start":{"line":216,"column":20},"end":{"line":216,"column":43}},"line":216}},"f":{"0":13,"1":13,"2":0,"3":13,"4":10,"5":0,"6":4,"7":0,"8":0,"9":0,"10":0,"11":0}}
,"/Users/nicolas/DEV/openclassroom/wealth_health/wealth_health_front/src/store/store.ts": {"path":"/Users/nicolas/DEV/openclassroom/wealth_health/wealth_health_front/src/store/store.ts","all":true,"statementMap":{"0":{"start":{"line":1,"column":0},"end":{"line":1,"column":67}},"1":{"start":{"line":2,"column":0},"end":{"line":2,"column":66}},"2":{"start":{"line":3,"column":0},"end":{"line":3,"column":8}},"12":{"start":{"line":13,"column":0},"end":{"line":13,"column":84}},"15":{"start":{"line":16,"column":0},"end":{"line":16,"column":23}},"16":{"start":{"line":17,"column":0},"end":{"line":17,"column":49}},"17":{"start":{"line":18,"column":0},"end":{"line":18,"column":10}},"18":{"start":{"line":19,"column":0},"end":{"line":19,"column":63}},"19":{"start":{"line":20,"column":0},"end":{"line":20,"column":2}},"22":{"start":{"line":23,"column":0},"end":{"line":23,"column":37}},"23":{"start":{"line":24,"column":0},"end":{"line":24,"column":29}},"25":{"start":{"line":26,"column":0},"end":{"line":26,"column":3}},"28":{"start":{"line":29,"column":0},"end":{"line":29,"column":68}},"30":{"start":{"line":31,"column":0},"end":{"line":31,"column":37}},"31":{"start":{"line":32,"column":0},"end":{"line":32,"column":28}},"33":{"start":{"line":34,"column":0},"end":{"line":34,"column":39}},"34":{"start":{"line":35,"column":0},"end":{"line":35,"column":26}},"35":{"start":{"line":36,"column":0},"end":{"line":36,"column":26}},"36":{"start":{"line":37,"column":0},"end":{"line":37,"column":76}},"37":{"start":{"line":38,"column":0},"end":{"line":38,"column":8}},"38":{"start":{"line":39,"column":0},"end":{"line":39,"column":7}},"39":{"start":{"line":40,"column":0},"end":{"line":40,"column":3}},"42":{"start":{"line":43,"column":0},"end":{"line":43,"column":45}}},"s":{"0":0,"1":0,"2":0,"12":0,"15":0,"16":0,"17":0,"18":0,"19":0,"22":0,"23":0,"25":0,"28":0,"30":0,"31":0,"33":0,"34":0,"35":0,"36":0,"37":0,"38":0,"39":0,"42":0},"branchMap":{"0":{"type":"branch","line":1,"loc":{"start":{"line":1,"column":1485},"end":{"line":48,"column":48}},"locations":[{"start":{"line":1,"column":1485},"end":{"line":48,"column":48}}]}},"b":{"0":[0]},"fnMap":{"0":{"name":"(empty-report)","decl":{"start":{"line":1,"column":1485},"end":{"line":48,"column":48}},"loc":{"start":{"line":1,"column":1485},"end":{"line":48,"column":48}},"line":1}},"f":{"0":0}}
,"/Users/nicolas/DEV/openclassroom/wealth_health/wealth_health_front/src/types/employee.ts": {"path":"/Users/nicolas/DEV/openclassroom/wealth_health/wealth_health_front/src/types/employee.ts","all":true,"statementMap":{},"s":{},"branchMap":{"0":{"type":"branch","line":1,"loc":{"start":{"line":1,"column":394},"end":{"line":19,"column":4}},"locations":[{"start":{"line":1,"column":394},"end":{"line":19,"column":4}}]}},"b":{"0":[1]},"fnMap":{"0":{"name":"(empty-report)","decl":{"start":{"line":1,"column":394},"end":{"line":19,"column":4}},"loc":{"start":{"line":1,"column":394},"end":{"line":19,"column":4}},"line":1}},"f":{"0":1}}
}
